{"/home/travis/build/npmtest/node-npmtest-eslint-plugin-lodash/test.js":{"path":"/home/travis/build/npmtest/node-npmtest-eslint-plugin-lodash/test.js","s":{"1":2,"2":2,"3":2,"4":2,"5":2,"6":2,"7":2,"8":1,"9":2,"10":2,"11":1,"12":1,"13":1,"14":1,"15":2,"16":2,"17":2,"18":2,"19":1,"20":1,"21":2,"22":2,"23":2,"24":1,"25":1,"26":1,"27":1,"28":1,"29":1,"30":1,"31":1,"32":1,"33":1,"34":1,"35":1,"36":1,"37":1,"38":1,"39":2,"40":2,"41":1,"42":2,"43":2,"44":1,"45":2,"46":2,"47":1,"48":2,"49":2,"50":1,"51":1,"52":1,"53":1,"54":1},"b":{"1":[2,1,1,1],"2":[1,1,1,1],"3":[1,1],"4":[1,1],"5":[1,1],"6":[1,1],"7":[1,1],"8":[1,1],"9":[1,1],"10":[1,1,1],"11":[1,1],"12":[1,1],"13":[1,1],"14":[1,1],"15":[1,1],"16":[1,1],"17":[1,1]},"f":{"1":2,"2":2,"3":2,"4":2,"5":2,"6":1,"7":1,"8":1,"9":2,"10":2,"11":2,"12":2,"13":1},"fnMap":{"1":{"name":"(anonymous_1)","line":12,"loc":{"start":{"line":12,"column":1},"end":{"line":12,"column":13}}},"2":{"name":"(anonymous_2)","line":19,"loc":{"start":{"line":19,"column":5},"end":{"line":19,"column":17}}},"3":{"name":"(anonymous_3)","line":23,"loc":{"start":{"line":23,"column":24},"end":{"line":23,"column":36}}},"4":{"name":"(anonymous_4)","line":61,"loc":{"start":{"line":61,"column":5},"end":{"line":61,"column":17}}},"5":{"name":"(anonymous_5)","line":82,"loc":{"start":{"line":82,"column":5},"end":{"line":82,"column":17}}},"6":{"name":"(anonymous_6)","line":91,"loc":{"start":{"line":91,"column":77},"end":{"line":94,"column":10}}},"7":{"name":"(anonymous_7)","line":112,"loc":{"start":{"line":112,"column":83},"end":{"line":115,"column":10}},"skip":true},"8":{"name":"(anonymous_8)","line":123,"loc":{"start":{"line":123,"column":77},"end":{"line":126,"column":10}},"skip":true},"9":{"name":"(anonymous_9)","line":139,"loc":{"start":{"line":139,"column":12},"end":{"line":139,"column":40}},"skip":true},"10":{"name":"(anonymous_10)","line":147,"loc":{"start":{"line":147,"column":77},"end":{"line":150,"column":10}},"skip":true},"11":{"name":"(anonymous_11)","line":158,"loc":{"start":{"line":158,"column":83},"end":{"line":161,"column":10}},"skip":true},"12":{"name":"(anonymous_12)","line":169,"loc":{"start":{"line":169,"column":79},"end":{"line":172,"column":10}},"skip":true},"13":{"name":"(anonymous_13)","line":180,"loc":{"start":{"line":180,"column":75},"end":{"line":183,"column":10}},"skip":true}},"statementMap":{"1":{"start":{"line":12,"column":0},"end":{"line":195,"column":5}},"2":{"start":{"line":14,"column":4},"end":{"line":14,"column":14}},"3":{"start":{"line":19,"column":4},"end":{"line":56,"column":9}},"4":{"start":{"line":21,"column":8},"end":{"line":21,"column":19}},"5":{"start":{"line":23,"column":8},"end":{"line":35,"column":13}},"6":{"start":{"line":24,"column":12},"end":{"line":34,"column":13}},"7":{"start":{"line":25,"column":16},"end":{"line":28,"column":30}},"8":{"start":{"line":30,"column":16},"end":{"line":33,"column":27}},"9":{"start":{"line":37,"column":8},"end":{"line":39,"column":21}},"10":{"start":{"line":40,"column":8},"end":{"line":53,"column":9}},"11":{"start":{"line":43,"column":12},"end":{"line":46,"column":14}},"12":{"start":{"line":47,"column":12},"end":{"line":47,"column":18}},"13":{"start":{"line":50,"column":12},"end":{"line":51,"column":33}},"14":{"start":{"line":52,"column":12},"end":{"line":52,"column":18}},"15":{"start":{"line":55,"column":8},"end":{"line":55,"column":35}},"16":{"start":{"line":61,"column":4},"end":{"line":63,"column":9}},"17":{"start":{"line":62,"column":8},"end":{"line":62,"column":15}},"18":{"start":{"line":64,"column":4},"end":{"line":77,"column":5}},"19":{"start":{"line":70,"column":8},"end":{"line":70,"column":14}},"20":{"start":{"line":76,"column":8},"end":{"line":76,"column":14}},"21":{"start":{"line":82,"column":4},"end":{"line":84,"column":9}},"22":{"start":{"line":83,"column":8},"end":{"line":83,"column":15}},"23":{"start":{"line":85,"column":4},"end":{"line":194,"column":5}},"24":{"start":{"line":91,"column":8},"end":{"line":99,"column":10}},"25":{"start":{"line":98,"column":12},"end":{"line":98,"column":35}},"26":{"start":{"line":102,"column":8},"end":{"line":104,"column":63}},"27":{"start":{"line":105,"column":8},"end":{"line":105,"column":14}},"28":{"start":{"line":112,"column":8},"end":{"line":121,"column":10},"skip":true},"29":{"start":{"line":119,"column":12},"end":{"line":119,"column":55},"skip":true},"30":{"start":{"line":120,"column":12},"end":{"line":120,"column":48},"skip":true},"31":{"start":{"line":123,"column":8},"end":{"line":136,"column":10},"skip":true},"32":{"start":{"line":130,"column":12},"end":{"line":130,"column":76},"skip":true},"33":{"start":{"line":131,"column":12},"end":{"line":131,"column":73},"skip":true},"34":{"start":{"line":132,"column":12},"end":{"line":132,"column":74},"skip":true},"35":{"start":{"line":133,"column":12},"end":{"line":133,"column":79},"skip":true},"36":{"start":{"line":134,"column":12},"end":{"line":134,"column":25},"skip":true},"37":{"start":{"line":135,"column":12},"end":{"line":135,"column":45},"skip":true},"38":{"start":{"line":138,"column":8},"end":{"line":145,"column":14},"skip":true},"39":{"start":{"line":143,"column":16},"end":{"line":143,"column":29},"skip":true},"40":{"start":{"line":144,"column":16},"end":{"line":144,"column":55},"skip":true},"41":{"start":{"line":147,"column":8},"end":{"line":156,"column":10},"skip":true},"42":{"start":{"line":154,"column":12},"end":{"line":154,"column":25},"skip":true},"43":{"start":{"line":155,"column":12},"end":{"line":155,"column":45},"skip":true},"44":{"start":{"line":158,"column":8},"end":{"line":167,"column":10},"skip":true},"45":{"start":{"line":165,"column":12},"end":{"line":165,"column":25},"skip":true},"46":{"start":{"line":166,"column":12},"end":{"line":166,"column":48},"skip":true},"47":{"start":{"line":169,"column":8},"end":{"line":178,"column":10},"skip":true},"48":{"start":{"line":176,"column":12},"end":{"line":176,"column":25},"skip":true},"49":{"start":{"line":177,"column":12},"end":{"line":177,"column":46},"skip":true},"50":{"start":{"line":180,"column":8},"end":{"line":189,"column":10},"skip":true},"51":{"start":{"line":187,"column":12},"end":{"line":187,"column":94},"skip":true},"52":{"start":{"line":188,"column":12},"end":{"line":188,"column":48},"skip":true},"53":{"start":{"line":192,"column":8},"end":{"line":192,"column":35},"skip":true},"54":{"start":{"line":193,"column":8},"end":{"line":193,"column":14},"skip":true}},"branchMap":{"1":{"line":25,"type":"binary-expr","locations":[{"start":{"line":25,"column":23},"end":{"line":25,"column":62}},{"start":{"line":26,"column":20},"end":{"line":26,"column":70}},{"start":{"line":27,"column":20},"end":{"line":27,"column":71}},{"start":{"line":28,"column":20},"end":{"line":28,"column":29}}]},"2":{"line":30,"type":"binary-expr","locations":[{"start":{"line":30,"column":23},"end":{"line":30,"column":37}},{"start":{"line":31,"column":20},"end":{"line":31,"column":61}},{"start":{"line":32,"column":20},"end":{"line":32,"column":70}},{"start":{"line":33,"column":20},"end":{"line":33,"column":26}}]},"3":{"line":37,"type":"cond-expr","locations":[{"start":{"line":38,"column":14},"end":{"line":38,"column":20}},{"start":{"line":39,"column":14},"end":{"line":39,"column":20}}]},"4":{"line":40,"type":"switch","locations":[{"start":{"line":42,"column":8},"end":{"line":47,"column":18}},{"start":{"line":49,"column":8},"end":{"line":52,"column":18}}]},"5":{"line":44,"type":"binary-expr","locations":[{"start":{"line":44,"column":16},"end":{"line":44,"column":44}},{"start":{"line":44,"column":48},"end":{"line":44,"column":66}}]},"6":{"line":50,"type":"binary-expr","locations":[{"start":{"line":50,"column":21},"end":{"line":50,"column":49}},{"start":{"line":50,"column":53},"end":{"line":50,"column":72}}]},"7":{"line":64,"type":"switch","locations":[{"start":{"line":69,"column":4},"end":{"line":70,"column":14}},{"start":{"line":75,"column":4},"end":{"line":76,"column":14}}]},"8":{"line":85,"type":"switch","locations":[{"start":{"line":90,"column":4},"end":{"line":105,"column":14}},{"start":{"line":111,"column":4},"end":{"line":193,"column":14},"skip":true}]},"9":{"line":91,"type":"binary-expr","locations":[{"start":{"line":91,"column":42},"end":{"line":91,"column":73}},{"start":{"line":91,"column":77},"end":{"line":99,"column":9}}]},"10":{"line":102,"type":"binary-expr","locations":[{"start":{"line":102,"column":18},"end":{"line":102,"column":32}},{"start":{"line":103,"column":12},"end":{"line":103,"column":53}},{"start":{"line":104,"column":12},"end":{"line":104,"column":61}}]},"11":{"line":112,"type":"binary-expr","locations":[{"start":{"line":112,"column":45},"end":{"line":112,"column":79},"skip":true},{"start":{"line":112,"column":83},"end":{"line":121,"column":9},"skip":true}]},"12":{"line":123,"type":"binary-expr","locations":[{"start":{"line":123,"column":42},"end":{"line":123,"column":73},"skip":true},{"start":{"line":123,"column":77},"end":{"line":136,"column":9},"skip":true}]},"13":{"line":138,"type":"binary-expr","locations":[{"start":{"line":138,"column":48},"end":{"line":138,"column":85},"skip":true},{"start":{"line":139,"column":12},"end":{"line":145,"column":13},"skip":true}]},"14":{"line":147,"type":"binary-expr","locations":[{"start":{"line":147,"column":42},"end":{"line":147,"column":73},"skip":true},{"start":{"line":147,"column":77},"end":{"line":156,"column":9},"skip":true}]},"15":{"line":158,"type":"binary-expr","locations":[{"start":{"line":158,"column":45},"end":{"line":158,"column":79},"skip":true},{"start":{"line":158,"column":83},"end":{"line":167,"column":9},"skip":true}]},"16":{"line":169,"type":"binary-expr","locations":[{"start":{"line":169,"column":43},"end":{"line":169,"column":75},"skip":true},{"start":{"line":169,"column":79},"end":{"line":178,"column":9},"skip":true}]},"17":{"line":180,"type":"binary-expr","locations":[{"start":{"line":180,"column":41},"end":{"line":180,"column":71},"skip":true},{"start":{"line":180,"column":75},"end":{"line":189,"column":9},"skip":true}]}},"code":["/* istanbul instrument in package npmtest_eslint_plugin_lodash */","/*jslint","    bitwise: true,","    browser: true,","    maxerr: 8,","    maxlen: 96,","    node: true,","    nomen: true,","    regexp: true,","    stupid: true","*/","(function () {","    'use strict';","    var local;","","","","    // run shared js-env code - pre-init","    (function () {","        // init local","        local = {};","        // init modeJs","        local.modeJs = (function () {","            try {","                return typeof navigator.userAgent === 'string' &&","                    typeof document.querySelector('body') === 'object' &&","                    typeof XMLHttpRequest.prototype.open === 'function' &&","                    'browser';","            } catch (errorCaughtBrowser) {","                return module.exports &&","                    typeof process.versions.node === 'string' &&","                    typeof require('http').createServer === 'function' &&","                    'node';","            }","        }());","        // init global","        local.global = local.modeJs === 'browser'","            ? window","            : global;","        switch (local.modeJs) {","        // re-init local from window.local","        case 'browser':","            local = local.global.utility2.objectSetDefault(","                local.global.utility2_rollup || local.global.local,","                local.global.utility2","            );","            break;","        // re-init local from example.js","        case 'node':","            local = (local.global.utility2_rollup || require('utility2'))","                .requireReadme();","            break;","        }","        // export local","        local.global.local = local;","    }());","","","","    // run shared js-env code - function","    (function () {","        return;","    }());","    switch (local.modeJs) {","","","","    // run browser js-env code - function","    case 'browser':","        break;","","","","    // run node js-env code - function","    case 'node':","        break;","    }","","","","    // run shared js-env code - post-init","    (function () {","        return;","    }());","    switch (local.modeJs) {","","","","    // run browser js-env code - post-init","    case 'browser':","        local.testCase_browser_nullCase = local.testCase_browser_nullCase || function (","            options,","            onError","        ) {","        /*","         * this function will test browsers's null-case handling-behavior-behavior","         */","            onError(null, options);","        };","","        // run tests","        local.nop(local.modeTest &&","            document.querySelector('#testRunButton1') &&","            document.querySelector('#testRunButton1').click());","        break;","","","","    // run node js-env code - post-init","    /* istanbul ignore next */","    case 'node':","        local.testCase_buildApidoc_default = local.testCase_buildApidoc_default || function (","            options,","            onError","        ) {","        /*","         * this function will test buildApidoc's default handling-behavior-behavior","         */","            options = { modulePathList: module.paths };","            local.buildApidoc(options, onError);","        };","","        local.testCase_buildApp_default = local.testCase_buildApp_default || function (","            options,","            onError","        ) {","        /*","         * this function will test buildApp's default handling-behavior-behavior","         */","            local.testCase_buildReadme_default(options, local.onErrorThrow);","            local.testCase_buildLib_default(options, local.onErrorThrow);","            local.testCase_buildTest_default(options, local.onErrorThrow);","            local.testCase_buildCustomOrg_default(options, local.onErrorThrow);","            options = [];","            local.buildApp(options, onError);","        };","","        local.testCase_buildCustomOrg_default = local.testCase_buildCustomOrg_default ||","            function (options, onError) {","            /*","             * this function will test buildCustomOrg's default handling-behavior","             */","                options = {};","                local.buildCustomOrg(options, onError);","            };","","        local.testCase_buildLib_default = local.testCase_buildLib_default || function (","            options,","            onError","        ) {","        /*","         * this function will test buildLib's default handling-behavior","         */","            options = {};","            local.buildLib(options, onError);","        };","","        local.testCase_buildReadme_default = local.testCase_buildReadme_default || function (","            options,","            onError","        ) {","        /*","         * this function will test buildReadme's default handling-behavior-behavior","         */","            options = {};","            local.buildReadme(options, onError);","        };","","        local.testCase_buildTest_default = local.testCase_buildTest_default || function (","            options,","            onError","        ) {","        /*","         * this function will test buildTest's default handling-behavior","         */","            options = {};","            local.buildTest(options, onError);","        };","","        local.testCase_webpage_default = local.testCase_webpage_default || function (","            options,","            onError","        ) {","        /*","         * this function will test webpage's default handling-behavior","         */","            options = { modeCoverageMerge: true, url: local.serverLocalHost + '?modeTest=1' };","            local.browserTest(options, onError);","        };","","        // run test-server","        local.testRunServer(local);","        break;","    }","}());",""],"l":{"12":2,"14":2,"19":2,"21":2,"23":2,"24":2,"25":2,"30":1,"37":2,"40":2,"43":1,"47":1,"50":1,"52":1,"55":2,"61":2,"62":2,"64":2,"70":1,"76":1,"82":2,"83":2,"85":2,"91":1,"98":1,"102":1,"105":1,"112":1,"119":1,"120":1,"123":1,"130":1,"131":1,"132":1,"133":1,"134":1,"135":1,"138":1,"143":2,"144":2,"147":1,"154":2,"155":2,"158":1,"165":2,"166":2,"169":1,"176":2,"177":2,"180":1,"187":1,"188":1,"192":1,"193":1}},"/home/travis/build/npmtest/node-npmtest-eslint-plugin-lodash/lib.npmtest_eslint_plugin_lodash.js":{"path":"/home/travis/build/npmtest/node-npmtest-eslint-plugin-lodash/lib.npmtest_eslint_plugin_lodash.js","s":{"1":2,"2":2,"3":2,"4":2,"5":2,"6":2,"7":2,"8":1,"9":2,"10":2,"11":2,"12":2,"13":1,"14":1,"15":1,"16":1},"b":{"1":[2,1,1,1],"2":[1,1,1,1],"3":[1,1],"4":[2,2],"5":[1,1]},"f":{"1":2,"2":2,"3":2},"fnMap":{"1":{"name":"(anonymous_1)","line":12,"loc":{"start":{"line":12,"column":1},"end":{"line":12,"column":13}}},"2":{"name":"(anonymous_2)","line":19,"loc":{"start":{"line":19,"column":5},"end":{"line":19,"column":17}}},"3":{"name":"(anonymous_3)","line":23,"loc":{"start":{"line":23,"column":24},"end":{"line":23,"column":36}}}},"statementMap":{"1":{"start":{"line":12,"column":0},"end":{"line":53,"column":5}},"2":{"start":{"line":14,"column":4},"end":{"line":14,"column":14}},"3":{"start":{"line":19,"column":4},"end":{"line":52,"column":9}},"4":{"start":{"line":21,"column":8},"end":{"line":21,"column":19}},"5":{"start":{"line":23,"column":8},"end":{"line":35,"column":13}},"6":{"start":{"line":24,"column":12},"end":{"line":34,"column":13}},"7":{"start":{"line":25,"column":16},"end":{"line":28,"column":30}},"8":{"start":{"line":30,"column":16},"end":{"line":33,"column":27}},"9":{"start":{"line":37,"column":8},"end":{"line":39,"column":21}},"10":{"start":{"line":41,"column":8},"end":{"line":41,"column":54}},"11":{"start":{"line":43,"column":8},"end":{"line":43,"column":65}},"12":{"start":{"line":45,"column":8},"end":{"line":51,"column":9}},"13":{"start":{"line":46,"column":12},"end":{"line":46,"column":71}},"14":{"start":{"line":48,"column":12},"end":{"line":48,"column":35}},"15":{"start":{"line":49,"column":12},"end":{"line":49,"column":49}},"16":{"start":{"line":50,"column":12},"end":{"line":50,"column":43}}},"branchMap":{"1":{"line":25,"type":"binary-expr","locations":[{"start":{"line":25,"column":23},"end":{"line":25,"column":62}},{"start":{"line":26,"column":20},"end":{"line":26,"column":70}},{"start":{"line":27,"column":20},"end":{"line":27,"column":71}},{"start":{"line":28,"column":20},"end":{"line":28,"column":29}}]},"2":{"line":30,"type":"binary-expr","locations":[{"start":{"line":30,"column":23},"end":{"line":30,"column":37}},{"start":{"line":31,"column":20},"end":{"line":31,"column":61}},{"start":{"line":32,"column":20},"end":{"line":32,"column":70}},{"start":{"line":33,"column":20},"end":{"line":33,"column":26}}]},"3":{"line":37,"type":"cond-expr","locations":[{"start":{"line":38,"column":14},"end":{"line":38,"column":20}},{"start":{"line":39,"column":14},"end":{"line":39,"column":20}}]},"4":{"line":41,"type":"binary-expr","locations":[{"start":{"line":41,"column":16},"end":{"line":41,"column":44}},{"start":{"line":41,"column":48},"end":{"line":41,"column":53}}]},"5":{"line":45,"type":"if","locations":[{"start":{"line":45,"column":8},"end":{"line":45,"column":8}},{"start":{"line":45,"column":8},"end":{"line":45,"column":8}}]}},"code":["/* istanbul instrument in package npmtest_eslint_plugin_lodash */","/*jslint","    bitwise: true,","    browser: true,","    maxerr: 8,","    maxlen: 96,","    node: true,","    nomen: true,","    regexp: true,","    stupid: true","*/","(function () {","    'use strict';","    var local;","","","","    // run shared js-env code - pre-init","    (function () {","        // init local","        local = {};","        // init modeJs","        local.modeJs = (function () {","            try {","                return typeof navigator.userAgent === 'string' &&","                    typeof document.querySelector('body') === 'object' &&","                    typeof XMLHttpRequest.prototype.open === 'function' &&","                    'browser';","            } catch (errorCaughtBrowser) {","                return module.exports &&","                    typeof process.versions.node === 'string' &&","                    typeof require('http').createServer === 'function' &&","                    'node';","            }","        }());","        // init global","        local.global = local.modeJs === 'browser'","            ? window","            : global;","        // init utility2_rollup","        local = local.global.utility2_rollup || local;","        // init lib","        local.local = local.npmtest_eslint_plugin_lodash = local;","        // init exports","        if (local.modeJs === 'browser') {","            local.global.utility2_npmtest_eslint_plugin_lodash = local;","        } else {","            module.exports = local;","            module.exports.__dirname = __dirname;","            module.exports.module = module;","        }","    }());","}());",""],"l":{"12":2,"14":2,"19":2,"21":2,"23":2,"24":2,"25":2,"30":1,"37":2,"41":2,"43":2,"45":2,"46":1,"48":1,"49":1,"50":1}},"/home/travis/build/npmtest/node-npmtest-eslint-plugin-lodash/example.js":{"path":"/home/travis/build/npmtest/node-npmtest-eslint-plugin-lodash/example.js","s":{"1":2,"2":2,"3":2,"4":2,"5":2,"6":2,"7":2,"8":1,"9":2,"10":2,"11":2,"12":2,"13":1,"14":2,"15":2,"16":2,"17":2,"18":2,"19":0,"20":2,"21":1,"22":1,"23":1,"24":1,"25":1,"26":0,"27":0,"28":1,"29":1,"30":2,"31":0,"32":0,"33":0,"34":1,"35":2,"36":2,"37":3,"38":3,"39":3,"40":3,"41":0,"42":3,"43":3,"44":3,"45":1,"46":3,"47":1,"48":1,"49":1,"50":1,"51":1,"52":1,"53":1,"54":1,"55":1,"56":1,"57":0,"58":1,"59":6,"60":6,"61":1,"62":2,"63":0,"64":2,"65":1,"66":1,"67":0,"68":0,"69":0,"70":0,"71":0,"72":0,"73":0,"74":0,"75":0,"76":0,"77":0,"78":0,"79":0,"80":0,"81":0,"82":0,"83":0},"b":{"1":[2,1,1,1],"2":[1,1,1,1],"3":[1,1],"4":[2,2],"5":[1,1],"6":[1,1],"7":[2,0],"8":[2,1,1,1,1,1],"9":[0,2,0],"10":[1,1],"11":[2,1,1],"12":[1,0],"13":[0,2],"14":[2,0,0,0,0,0,0],"15":[0,3],"16":[3,0],"17":[1,1],"18":[0,1],"19":[1,2,0,2],"20":[1,0],"21":[1,1],"22":[0,0],"23":[0,0],"24":[0,0],"25":[0,0],"26":[0,0],"27":[0,0],"28":[0,0]},"f":{"1":2,"2":2,"3":2,"4":2,"5":2,"6":2,"7":3,"8":3,"9":3,"10":1,"11":6,"12":0},"fnMap":{"1":{"name":"(anonymous_1)","line":26,"loc":{"start":{"line":26,"column":1},"end":{"line":26,"column":13}}},"2":{"name":"(anonymous_2)","line":33,"loc":{"start":{"line":33,"column":5},"end":{"line":33,"column":17}}},"3":{"name":"(anonymous_3)","line":37,"loc":{"start":{"line":37,"column":24},"end":{"line":37,"column":36}}},"4":{"name":"(anonymous_4)","line":69,"loc":{"start":{"line":69,"column":31},"end":{"line":69,"column":48}},"skip":true},"5":{"name":"(anonymous_5)","line":78,"loc":{"start":{"line":78,"column":26},"end":{"line":78,"column":45}},"skip":true},"6":{"name":"(anonymous_6)","line":123,"loc":{"start":{"line":123,"column":33},"end":{"line":123,"column":48}},"skip":true},"7":{"name":"(anonymous_7)","line":125,"loc":{"start":{"line":125,"column":27},"end":{"line":125,"column":39}},"skip":true},"8":{"name":"(anonymous_8)","line":133,"loc":{"start":{"line":133,"column":59},"end":{"line":133,"column":74}},"skip":true},"9":{"name":"(anonymous_9)","line":143,"loc":{"start":{"line":143,"column":45},"end":{"line":143,"column":62}},"skip":true},"10":{"name":"(anonymous_10)","line":144,"loc":{"start":{"line":144,"column":73},"end":{"line":144,"column":92}},"skip":true},"11":{"name":"(anonymous_11)","line":272,"loc":{"start":{"line":272,"column":51},"end":{"line":272,"column":77}},"skip":true},"12":{"name":"(anonymous_12)","line":315,"loc":{"start":{"line":315,"column":32},"end":{"line":315,"column":61}},"skip":true}},"statementMap":{"1":{"start":{"line":26,"column":0},"end":{"line":326,"column":5}},"2":{"start":{"line":28,"column":4},"end":{"line":28,"column":14}},"3":{"start":{"line":33,"column":4},"end":{"line":60,"column":9}},"4":{"start":{"line":35,"column":8},"end":{"line":35,"column":19}},"5":{"start":{"line":37,"column":8},"end":{"line":49,"column":13}},"6":{"start":{"line":38,"column":12},"end":{"line":48,"column":13}},"7":{"start":{"line":39,"column":16},"end":{"line":42,"column":30}},"8":{"start":{"line":44,"column":16},"end":{"line":47,"column":27}},"9":{"start":{"line":51,"column":8},"end":{"line":53,"column":21}},"10":{"start":{"line":55,"column":8},"end":{"line":57,"column":45}},"11":{"start":{"line":59,"column":8},"end":{"line":59,"column":35}},"12":{"start":{"line":61,"column":4},"end":{"line":325,"column":5}},"13":{"start":{"line":69,"column":8},"end":{"line":121,"column":10},"skip":true},"14":{"start":{"line":70,"column":12},"end":{"line":88,"column":13},"skip":true},"15":{"start":{"line":76,"column":16},"end":{"line":87,"column":19},"skip":true},"16":{"start":{"line":79,"column":20},"end":{"line":86,"column":21},"skip":true},"17":{"start":{"line":82,"column":24},"end":{"line":82,"column":43},"skip":true},"18":{"start":{"line":83,"column":24},"end":{"line":83,"column":30},"skip":true},"19":{"start":{"line":85,"column":24},"end":{"line":85,"column":49},"skip":true},"20":{"start":{"line":89,"column":12},"end":{"line":107,"column":13},"skip":true},"21":{"start":{"line":92,"column":16},"end":{"line":102,"column":17},"skip":true},"22":{"start":{"line":93,"column":20},"end":{"line":93,"column":86},"skip":true},"23":{"start":{"line":94,"column":20},"end":{"line":95,"column":45},"skip":true},"24":{"start":{"line":96,"column":20},"end":{"line":96,"column":42},"skip":true},"25":{"start":{"line":97,"column":20},"end":{"line":97,"column":48},"skip":true},"26":{"start":{"line":100,"column":20},"end":{"line":100,"column":85},"skip":true},"27":{"start":{"line":101,"column":20},"end":{"line":101,"column":96},"skip":true},"28":{"start":{"line":103,"column":16},"end":{"line":103,"column":22},"skip":true},"29":{"start":{"line":106,"column":16},"end":{"line":106,"column":22},"skip":true},"30":{"start":{"line":108,"column":12},"end":{"line":120,"column":13},"skip":true},"31":{"start":{"line":114,"column":16},"end":{"line":119,"column":17},"skip":true},"32":{"start":{"line":116,"column":20},"end":{"line":116,"column":78},"skip":true},"33":{"start":{"line":118,"column":20},"end":{"line":118,"column":47},"skip":true},"34":{"start":{"line":123,"column":8},"end":{"line":141,"column":11},"skip":true},"35":{"start":{"line":124,"column":12},"end":{"line":124,"column":54},"skip":true},"36":{"start":{"line":125,"column":12},"end":{"line":140,"column":14},"skip":true},"37":{"start":{"line":126,"column":16},"end":{"line":126,"column":28},"skip":true},"38":{"start":{"line":127,"column":16},"end":{"line":127,"column":69},"skip":true},"39":{"start":{"line":128,"column":16},"end":{"line":128,"column":75},"skip":true},"40":{"start":{"line":129,"column":16},"end":{"line":131,"column":17},"skip":true},"41":{"start":{"line":130,"column":20},"end":{"line":130,"column":27},"skip":true},"42":{"start":{"line":133,"column":16},"end":{"line":137,"column":36},"skip":true},"43":{"start":{"line":134,"column":20},"end":{"line":136,"column":55},"skip":true},"44":{"start":{"line":139,"column":16},"end":{"line":139,"column":57},"skip":true},"45":{"start":{"line":143,"column":8},"end":{"line":147,"column":11},"skip":true},"46":{"start":{"line":144,"column":12},"end":{"line":146,"column":15},"skip":true},"47":{"start":{"line":145,"column":16},"end":{"line":145,"column":70},"skip":true},"48":{"start":{"line":149,"column":8},"end":{"line":149,"column":31},"skip":true},"49":{"start":{"line":150,"column":8},"end":{"line":150,"column":14},"skip":true},"50":{"start":{"line":158,"column":8},"end":{"line":158,"column":31},"skip":true},"51":{"start":{"line":160,"column":8},"end":{"line":160,"column":33},"skip":true},"52":{"start":{"line":161,"column":8},"end":{"line":161,"column":37},"skip":true},"53":{"start":{"line":162,"column":8},"end":{"line":162,"column":35},"skip":true},"54":{"start":{"line":164,"column":8},"end":{"line":164,"column":50},"skip":true},"55":{"start":{"line":166,"column":8},"end":{"line":256,"column":2},"skip":true},"56":{"start":{"line":258,"column":8},"end":{"line":286,"column":9},"skip":true},"57":{"start":{"line":259,"column":12},"end":{"line":269,"column":14},"skip":true},"58":{"start":{"line":271,"column":12},"end":{"line":285,"column":19},"skip":true},"59":{"start":{"line":274,"column":20},"end":{"line":274,"column":35},"skip":true},"60":{"start":{"line":275,"column":20},"end":{"line":284,"column":21},"skip":true},"61":{"start":{"line":277,"column":24},"end":{"line":277,"column":64},"skip":true},"62":{"start":{"line":279,"column":24},"end":{"line":279,"column":40},"skip":true},"63":{"start":{"line":281,"column":24},"end":{"line":281,"column":40},"skip":true},"64":{"start":{"line":283,"column":24},"end":{"line":283,"column":39},"skip":true},"65":{"start":{"line":288,"column":8},"end":{"line":290,"column":9},"skip":true},"66":{"start":{"line":289,"column":12},"end":{"line":289,"column":18},"skip":true},"67":{"start":{"line":291,"column":8},"end":{"line":293,"column":54},"skip":true},"68":{"start":{"line":296,"column":8},"end":{"line":301,"column":37},"skip":true},"69":{"start":{"line":303,"column":8},"end":{"line":303,"column":82},"skip":true},"70":{"start":{"line":306,"column":8},"end":{"line":308,"column":9},"skip":true},"71":{"start":{"line":307,"column":12},"end":{"line":307,"column":82},"skip":true},"72":{"start":{"line":310,"column":8},"end":{"line":312,"column":9},"skip":true},"73":{"start":{"line":311,"column":12},"end":{"line":311,"column":18},"skip":true},"74":{"start":{"line":313,"column":8},"end":{"line":313,"column":54},"skip":true},"75":{"start":{"line":314,"column":8},"end":{"line":314,"column":69},"skip":true},"76":{"start":{"line":315,"column":8},"end":{"line":323,"column":36},"skip":true},"77":{"start":{"line":316,"column":12},"end":{"line":316,"column":61},"skip":true},"78":{"start":{"line":317,"column":12},"end":{"line":320,"column":13},"skip":true},"79":{"start":{"line":318,"column":16},"end":{"line":318,"column":75},"skip":true},"80":{"start":{"line":319,"column":16},"end":{"line":319,"column":23},"skip":true},"81":{"start":{"line":321,"column":12},"end":{"line":321,"column":38},"skip":true},"82":{"start":{"line":322,"column":12},"end":{"line":322,"column":27},"skip":true},"83":{"start":{"line":324,"column":8},"end":{"line":324,"column":14},"skip":true}},"branchMap":{"1":{"line":39,"type":"binary-expr","locations":[{"start":{"line":39,"column":23},"end":{"line":39,"column":62}},{"start":{"line":40,"column":20},"end":{"line":40,"column":70}},{"start":{"line":41,"column":20},"end":{"line":41,"column":71}},{"start":{"line":42,"column":20},"end":{"line":42,"column":29}}]},"2":{"line":44,"type":"binary-expr","locations":[{"start":{"line":44,"column":23},"end":{"line":44,"column":37}},{"start":{"line":45,"column":20},"end":{"line":45,"column":61}},{"start":{"line":46,"column":20},"end":{"line":46,"column":70}},{"start":{"line":47,"column":20},"end":{"line":47,"column":26}}]},"3":{"line":51,"type":"cond-expr","locations":[{"start":{"line":52,"column":14},"end":{"line":52,"column":20}},{"start":{"line":53,"column":14},"end":{"line":53,"column":20}}]},"4":{"line":55,"type":"binary-expr","locations":[{"start":{"line":55,"column":16},"end":{"line":55,"column":44}},{"start":{"line":55,"column":49},"end":{"line":57,"column":43}}]},"5":{"line":55,"type":"cond-expr","locations":[{"start":{"line":56,"column":14},"end":{"line":56,"column":64}},{"start":{"line":57,"column":14},"end":{"line":57,"column":43}}]},"6":{"line":61,"type":"switch","locations":[{"start":{"line":68,"column":4},"end":{"line":150,"column":14},"skip":true},{"start":{"line":156,"column":4},"end":{"line":324,"column":14},"skip":true}]},"7":{"line":70,"type":"if","locations":[{"start":{"line":70,"column":12},"end":{"line":70,"column":12},"skip":true},{"start":{"line":70,"column":12},"end":{"line":70,"column":12},"skip":true}]},"8":{"line":70,"type":"binary-expr","locations":[{"start":{"line":70,"column":16},"end":{"line":70,"column":22},"skip":true},{"start":{"line":70,"column":27},"end":{"line":70,"column":32},"skip":true},{"start":{"line":71,"column":20},"end":{"line":71,"column":39},"skip":true},{"start":{"line":72,"column":20},"end":{"line":72,"column":49},"skip":true},{"start":{"line":73,"column":20},"end":{"line":73,"column":58},"skip":true},{"start":{"line":74,"column":20},"end":{"line":74,"column":69},"skip":true}]},"9":{"line":79,"type":"switch","locations":[{"start":{"line":80,"column":20},"end":{"line":80,"column":33},"skip":true},{"start":{"line":81,"column":20},"end":{"line":83,"column":30},"skip":true},{"start":{"line":84,"column":20},"end":{"line":85,"column":49},"skip":true}]},"10":{"line":89,"type":"switch","locations":[{"start":{"line":90,"column":12},"end":{"line":103,"column":22},"skip":true},{"start":{"line":105,"column":12},"end":{"line":106,"column":22},"skip":true}]},"11":{"line":89,"type":"binary-expr","locations":[{"start":{"line":89,"column":20},"end":{"line":89,"column":25},"skip":true},{"start":{"line":89,"column":29},"end":{"line":89,"column":48},"skip":true},{"start":{"line":89,"column":52},"end":{"line":89,"column":74},"skip":true}]},"12":{"line":92,"type":"if","locations":[{"start":{"line":92,"column":16},"end":{"line":92,"column":16},"skip":true},{"start":{"line":92,"column":16},"end":{"line":92,"column":16},"skip":true}]},"13":{"line":108,"type":"if","locations":[{"start":{"line":108,"column":12},"end":{"line":108,"column":12},"skip":true},{"start":{"line":108,"column":12},"end":{"line":108,"column":12},"skip":true}]},"14":{"line":108,"type":"binary-expr","locations":[{"start":{"line":108,"column":16},"end":{"line":108,"column":61},"skip":true},{"start":{"line":108,"column":66},"end":{"line":108,"column":72},"skip":true},{"start":{"line":108,"column":77},"end":{"line":108,"column":82},"skip":true},{"start":{"line":109,"column":20},"end":{"line":109,"column":39},"skip":true},{"start":{"line":110,"column":20},"end":{"line":110,"column":49},"skip":true},{"start":{"line":111,"column":20},"end":{"line":111,"column":58},"skip":true},{"start":{"line":112,"column":20},"end":{"line":112,"column":68},"skip":true}]},"15":{"line":129,"type":"if","locations":[{"start":{"line":129,"column":16},"end":{"line":129,"column":16},"skip":true},{"start":{"line":129,"column":16},"end":{"line":129,"column":16},"skip":true}]},"16":{"line":134,"type":"cond-expr","locations":[{"start":{"line":135,"column":26},"end":{"line":135,"column":29},"skip":true},{"start":{"line":136,"column":26},"end":{"line":136,"column":54},"skip":true}]},"17":{"line":164,"type":"binary-expr","locations":[{"start":{"line":164,"column":27},"end":{"line":164,"column":43},"skip":true},{"start":{"line":164,"column":47},"end":{"line":164,"column":49},"skip":true}]},"18":{"line":258,"type":"if","locations":[{"start":{"line":258,"column":8},"end":{"line":258,"column":8},"skip":true},{"start":{"line":258,"column":8},"end":{"line":258,"column":8},"skip":true}]},"19":{"line":275,"type":"switch","locations":[{"start":{"line":276,"column":20},"end":{"line":277,"column":64},"skip":true},{"start":{"line":278,"column":20},"end":{"line":279,"column":40},"skip":true},{"start":{"line":280,"column":20},"end":{"line":281,"column":40},"skip":true},{"start":{"line":282,"column":20},"end":{"line":283,"column":39},"skip":true}]},"20":{"line":288,"type":"if","locations":[{"start":{"line":288,"column":8},"end":{"line":288,"column":8},"skip":true},{"start":{"line":288,"column":8},"end":{"line":288,"column":8},"skip":true}]},"21":{"line":288,"type":"binary-expr","locations":[{"start":{"line":288,"column":12},"end":{"line":288,"column":40},"skip":true},{"start":{"line":288,"column":44},"end":{"line":288,"column":67},"skip":true}]},"22":{"line":292,"type":"binary-expr","locations":[{"start":{"line":292,"column":12},"end":{"line":292,"column":50},"skip":true},{"start":{"line":293,"column":12},"end":{"line":293,"column":53},"skip":true}]},"23":{"line":297,"type":"binary-expr","locations":[{"start":{"line":297,"column":12},"end":{"line":297,"column":78},"skip":true},{"start":{"line":298,"column":12},"end":{"line":301,"column":36},"skip":true}]},"24":{"line":303,"type":"binary-expr","locations":[{"start":{"line":303,"column":43},"end":{"line":303,"column":75},"skip":true},{"start":{"line":303,"column":79},"end":{"line":303,"column":81},"skip":true}]},"25":{"line":306,"type":"if","locations":[{"start":{"line":306,"column":8},"end":{"line":306,"column":8},"skip":true},{"start":{"line":306,"column":8},"end":{"line":306,"column":8},"skip":true}]},"26":{"line":310,"type":"if","locations":[{"start":{"line":310,"column":8},"end":{"line":310,"column":8},"skip":true},{"start":{"line":310,"column":8},"end":{"line":310,"column":8},"skip":true}]},"27":{"line":313,"type":"binary-expr","locations":[{"start":{"line":313,"column":27},"end":{"line":313,"column":43},"skip":true},{"start":{"line":313,"column":47},"end":{"line":313,"column":53},"skip":true}]},"28":{"line":317,"type":"if","locations":[{"start":{"line":317,"column":12},"end":{"line":317,"column":12},"skip":true},{"start":{"line":317,"column":12},"end":{"line":317,"column":12},"skip":true}]}},"code":["/*","example.js","","quickstart example","","instruction","    1. save this script as example.js","    2. run the shell command:","        $ npm install npmtest-eslint-plugin-lodash && PORT=8081 node example.js","    3. play with the browser-demo on http://127.0.0.1:8081","*/","","","","/* istanbul instrument in package npmtest_eslint_plugin_lodash */","/*jslint","    bitwise: true,","    browser: true,","    maxerr: 8,","    maxlen: 96,","    node: true,","    nomen: true,","    regexp: true,","    stupid: true","*/","(function () {","    'use strict';","    var local;","","","","    // run shared js-env code - pre-init","    (function () {","        // init local","        local = {};","        // init modeJs","        local.modeJs = (function () {","            try {","                return typeof navigator.userAgent === 'string' &&","                    typeof document.querySelector('body') === 'object' &&","                    typeof XMLHttpRequest.prototype.open === 'function' &&","                    'browser';","            } catch (errorCaughtBrowser) {","                return module.exports &&","                    typeof process.versions.node === 'string' &&","                    typeof require('http').createServer === 'function' &&","                    'node';","            }","        }());","        // init global","        local.global = local.modeJs === 'browser'","            ? window","            : global;","        // init utility2_rollup","        local = local.global.utility2_rollup || (local.modeJs === 'browser'","            ? local.global.utility2_npmtest_eslint_plugin_lodash","            : global.utility2_moduleExports);","        // export local","        local.global.local = local;","    }());","    switch (local.modeJs) {","","","","    // post-init","    // run browser js-env code - post-init","    /* istanbul ignore next */","    case 'browser':","        local.testRunBrowser = function (event) {","            if (!event || (event &&","                    event.currentTarget &&","                    event.currentTarget.className &&","                    event.currentTarget.className.includes &&","                    event.currentTarget.className.includes('onreset'))) {","                // reset output","                Array.from(","                    document.querySelectorAll('body > .resettable')","                ).forEach(function (element) {","                    switch (element.tagName) {","                    case 'INPUT':","                    case 'TEXTAREA':","                        element.value = '';","                        break;","                    default:","                        element.textContent = '';","                    }","                });","            }","            switch (event && event.currentTarget && event.currentTarget.id) {","            case 'testRunButton1':","                // show tests","                if (document.querySelector('#testReportDiv1').style.display === 'none') {","                    document.querySelector('#testReportDiv1').style.display = 'block';","                    document.querySelector('#testRunButton1').textContent =","                        'hide internal test';","                    local.modeTest = true;","                    local.testRunDefault(local);","                // hide tests","                } else {","                    document.querySelector('#testReportDiv1').style.display = 'none';","                    document.querySelector('#testRunButton1').textContent = 'run internal test';","                }","                break;","            // custom-case","            default:","                break;","            }","            if (document.querySelector('#inputTextareaEval1') && (!event || (event &&","                    event.currentTarget &&","                    event.currentTarget.className &&","                    event.currentTarget.className.includes &&","                    event.currentTarget.className.includes('oneval')))) {","                // try to eval input-code","                try {","                    /*jslint evil: true*/","                    eval(document.querySelector('#inputTextareaEval1').value);","                } catch (errorCaught) {","                    console.error(errorCaught);","                }","            }","        };","        // log stderr and stdout to #outputTextareaStdout1","        ['error', 'log'].forEach(function (key) {","            console[key + '_original'] = console[key];","            console[key] = function () {","                var element;","                console[key + '_original'].apply(console, arguments);","                element = document.querySelector('#outputTextareaStdout1');","                if (!element) {","                    return;","                }","                // append text to #outputTextareaStdout1","                element.value += Array.from(arguments).map(function (arg) {","                    return typeof arg === 'string'","                        ? arg","                        : JSON.stringify(arg, null, 4);","                }).join(' ') + '\\n';","                // scroll textarea to bottom","                element.scrollTop = element.scrollHeight;","            };","        });","        // init event-handling","        ['change', 'click', 'keyup'].forEach(function (event) {","            Array.from(document.querySelectorAll('.on' + event)).forEach(function (element) {","                element.addEventListener(event, local.testRunBrowser);","            });","        });","        // run tests","        local.testRunBrowser();","        break;","","","","    // run node js-env code - post-init","    /* istanbul ignore next */","    case 'node':","        // export local","        module.exports = local;","        // require modules","        local.fs = require('fs');","        local.http = require('http');","        local.url = require('url');","        // init assets","        local.assetsDict = local.assetsDict || {};","        /* jslint-ignore-begin */","        local.assetsDict['/assets.index.template.html'] = '\\","<!doctype html>\\n\\","<html lang=\"en\">\\n\\","<head>\\n\\","<meta charset=\"UTF-8\">\\n\\","<meta name=\"viewport\" content=\"width=device-width, initial-scale=1\">\\n\\","<title>{{env.npm_package_name}} (v{{env.npm_package_version}})</title>\\n\\","<style>\\n\\","/*csslint\\n\\","    box-sizing: false,\\n\\","    universal-selector: false\\n\\","*/\\n\\","* {\\n\\","    box-sizing: border-box;\\n\\","}\\n\\","body {\\n\\","    background: #dde;\\n\\","    font-family: Arial, Helvetica, sans-serif;\\n\\","    margin: 2rem;\\n\\","}\\n\\","body > * {\\n\\","    margin-bottom: 1rem;\\n\\","}\\n\\",".utility2FooterDiv {\\n\\","    margin-top: 20px;\\n\\","    text-align: center;\\n\\","}\\n\\","</style>\\n\\","<style>\\n\\","/*csslint\\n\\","*/\\n\\","textarea {\\n\\","    font-family: monospace;\\n\\","    height: 10rem;\\n\\","    width: 100%;\\n\\","}\\n\\","textarea[readonly] {\\n\\","    background: #ddd;\\n\\","}\\n\\","</style>\\n\\","</head>\\n\\","<body>\\n\\","<!-- utility2-comment\\n\\","<div id=\"ajaxProgressDiv1\" style=\"background: #d00; height: 2px; left: 0; margin: 0; padding: 0; position: fixed; top: 0; transition: background 0.5s, width 1.5s; width: 25%;\"></div>\\n\\","utility2-comment -->\\n\\","<h1>\\n\\","<!-- utility2-comment\\n\\","    <a\\n\\","        {{#if env.npm_package_homepage}}\\n\\","        href=\"{{env.npm_package_homepage}}\"\\n\\","        {{/if env.npm_package_homepage}}\\n\\","        target=\"_blank\"\\n\\","    >\\n\\","utility2-comment -->\\n\\","        {{env.npm_package_name}} (v{{env.npm_package_version}})\\n\\","<!-- utility2-comment\\n\\","    </a>\\n\\","utility2-comment -->\\n\\","</h1>\\n\\","<h3>{{env.npm_package_description}}</h3>\\n\\","<!-- utility2-comment\\n\\","<h4><a download href=\"assets.app.js\">download standalone app</a></h4>\\n\\","<button class=\"onclick onreset\" id=\"testRunButton1\">run internal test</button><br>\\n\\","<div id=\"testReportDiv1\" style=\"display: none;\"></div>\\n\\","utility2-comment -->\\n\\","\\n\\","\\n\\","\\n\\","<label>stderr and stdout</label>\\n\\","<textarea class=\"resettable\" id=\"outputTextareaStdout1\" readonly></textarea>\\n\\","<!-- utility2-comment\\n\\","{{#if isRollup}}\\n\\","<script src=\"assets.app.js\"></script>\\n\\","{{#unless isRollup}}\\n\\","utility2-comment -->\\n\\","<script src=\"assets.utility2.rollup.js\"></script>\\n\\","<script src=\"jsonp.utility2._stateInit?callback=window.utility2._stateInit\"></script>\\n\\","<script src=\"assets.npmtest_eslint_plugin_lodash.rollup.js\"></script>\\n\\","<script src=\"assets.example.js\"></script>\\n\\","<script src=\"assets.test.js\"></script>\\n\\","<!-- utility2-comment\\n\\","{{/if isRollup}}\\n\\","utility2-comment -->\\n\\","<div class=\"utility2FooterDiv\">\\n\\","    [ this app was created with\\n\\","    <a href=\"https://github.com/kaizhu256/node-utility2\" target=\"_blank\">utility2</a>\\n\\","    ]\\n\\","</div>\\n\\","</body>\\n\\","</html>\\n\\","';","        /* jslint-ignore-end */","        if (local.templateRender) {","            local.assetsDict['/'] = local.templateRender(","                local.assetsDict['/assets.index.template.html'],","                {","                    env: local.objectSetDefault(local.env, {","                        npm_package_description: 'the greatest app in the world!',","                        npm_package_name: 'my-app',","                        npm_package_nameAlias: 'my_app',","                        npm_package_version: '0.0.1'","                    })","                }","            );","        } else {","            local.assetsDict['/'] = local.assetsDict['/assets.index.template.html']","                .replace((/\\{\\{env\\.(\\w+?)\\}\\}/g), function (match0, match1) {","                    // jslint-hack","                    String(match0);","                    switch (match1) {","                    case 'npm_package_description':","                        return 'the greatest app in the world!';","                    case 'npm_package_name':","                        return 'my-app';","                    case 'npm_package_nameAlias':","                        return 'my_app';","                    case 'npm_package_version':","                        return '0.0.1';","                    }","                });","        }","        // run the cli","        if (local.global.utility2_rollup || module !== require.main) {","            break;","        }","        local.assetsDict['/assets.example.js'] =","            local.assetsDict['/assets.example.js'] ||","            local.fs.readFileSync(__filename, 'utf8');","        // bug-workaround - long $npm_package_buildCustomOrg","        /* jslint-ignore-begin */","        local.assetsDict['/assets.npmtest_eslint_plugin_lodash.rollup.js'] =","            local.assetsDict['/assets.npmtest_eslint_plugin_lodash.rollup.js'] ||","            local.fs.readFileSync(","                local.npmtest_eslint_plugin_lodash.__dirname + '/lib.npmtest_eslint_plugin_lodash.js',","                'utf8'","            ).replace((/^#!/), '//');","        /* jslint-ignore-end */","        local.assetsDict['/favicon.ico'] = local.assetsDict['/favicon.ico'] || '';","        // if $npm_config_timeout_exit exists,","        // then exit this process after $npm_config_timeout_exit ms","        if (Number(process.env.npm_config_timeout_exit)) {","            setTimeout(process.exit, Number(process.env.npm_config_timeout_exit));","        }","        // start server","        if (local.global.utility2_serverHttp1) {","            break;","        }","        process.env.PORT = process.env.PORT || '8081';","        console.error('server starting on port ' + process.env.PORT);","        local.http.createServer(function (request, response) {","            request.urlParsed = local.url.parse(request.url);","            if (local.assetsDict[request.urlParsed.pathname] !== undefined) {","                response.end(local.assetsDict[request.urlParsed.pathname]);","                return;","            }","            response.statusCode = 404;","            response.end();","        }).listen(process.env.PORT);","        break;","    }","}());",""],"l":{"26":2,"28":2,"33":2,"35":2,"37":2,"38":2,"39":2,"44":1,"51":2,"55":2,"59":2,"61":2,"69":1,"70":2,"76":2,"79":2,"82":2,"83":2,"85":1,"89":2,"92":1,"93":1,"94":1,"96":1,"97":1,"100":1,"101":1,"103":1,"106":1,"108":2,"114":1,"116":1,"118":1,"123":1,"124":2,"125":2,"126":3,"127":3,"128":3,"129":3,"130":1,"133":3,"134":3,"139":3,"143":1,"144":3,"145":1,"149":1,"150":1,"158":1,"160":1,"161":1,"162":1,"164":1,"166":1,"258":1,"259":1,"271":1,"274":6,"275":6,"277":1,"279":2,"281":1,"283":2,"288":1,"289":1,"291":1,"296":1,"303":1,"306":1,"307":1,"310":1,"311":1,"313":1,"314":1,"315":1,"316":1,"317":1,"318":1,"319":1,"321":1,"322":1,"324":1}},"/home/travis/build/npmtest/node-npmtest-eslint-plugin-lodash/node_modules/eslint-plugin-lodash/lib/index.js":{"path":"/home/travis/build/npmtest/node-npmtest-eslint-plugin-lodash/node_modules/eslint-plugin-lodash/lib/index.js","s":{"1":1,"2":1,"3":1,"4":1,"5":41,"6":1,"7":1,"8":41},"b":{},"f":{"1":41,"2":41},"fnMap":{"1":{"name":"(anonymous_1)","line":6,"loc":{"start":{"line":6,"column":65},"end":{"line":6,"column":78}}},"2":{"name":"(anonymous_2)","line":53,"loc":{"start":{"line":53,"column":40},"end":{"line":53,"column":56}}}},"statementMap":{"1":{"start":{"line":3,"column":0},"end":{"line":3,"column":23}},"2":{"start":{"line":4,"column":0},"end":{"line":4,"column":27}},"3":{"start":{"line":5,"column":0},"end":{"line":5,"column":26}},"4":{"start":{"line":6,"column":0},"end":{"line":8,"column":3}},"5":{"start":{"line":7,"column":4},"end":{"line":7,"column":34}},"6":{"start":{"line":9,"column":0},"end":{"line":51,"column":2}},"7":{"start":{"line":52,"column":0},"end":{"line":110,"column":2}},"8":{"start":{"line":54,"column":8},"end":{"line":54,"column":42}}},"branchMap":{},"code":["'use strict';","","var fs = require('fs');","var path = require('path');","var _ = require('lodash');","var rules = fs.readdirSync(path.resolve(__dirname, 'rules')).map(function (f) {","    return f.replace(/\\.js$/, '');","});","var recommended = {","    rules: {","        'lodash/callback-binding': 2,","        'lodash/chain-style': [2, 'as-needed'],","        'lodash/chaining': 2,","        'lodash/collection-method-value': 2,","        'lodash/collection-return': 2,","        'lodash/consistent-compose': [2, \"flow\"],","        'lodash/identity-shorthand': [2, 'always'],","        'lodash/import-scope': [2],","        'lodash/matches-prop-shorthand': [2, 'always'],","        'lodash/matches-shorthand': [2, 'always', 3],","        'lodash/no-commit': 2,","        'lodash/no-double-unwrap': 2,","        'lodash/no-extra-args': 2,","        'lodash/no-unbound-this': 2,","        'lodash/path-style': [2, 'string'],","        'lodash/prefer-compact': 2,","        'lodash/prefer-constant': 2,","        'lodash/prefer-filter': [2, 3],","        'lodash/prefer-flat-map': 2,","        'lodash/prefer-get': [2, 3],","        'lodash/prefer-includes': [2, { includeNative: true }],","        'lodash/prefer-invoke-map': 2,","        'lodash/prefer-is-nil': 2,","        'lodash/prefer-lodash-chain': 2,","        'lodash/prefer-lodash-method': 2,","        'lodash/prefer-lodash-typecheck': 2,","        'lodash/prefer-map': 2,","        'lodash/prefer-matches': [2, 3],","        'lodash/prefer-noop': 2,","        'lodash/prefer-over-quantifier': 2,","        'lodash/prefer-reject': [2, 3],","        'lodash/prefer-some': [2, { includeNative: true }],","        'lodash/prefer-startswith': 2,","        'lodash/prefer-thru': 2,","        'lodash/prefer-times': 2,","        'lodash/prefer-wrapper-method': 2,","        'lodash/preferred-alias': 2,","        'lodash/prop-shorthand': [2, 'always'],","        'lodash/unwrap': 2","    }","};","module.exports = {","    rules: _.zipObject(rules, rules.map(function (rule) {","        return require('./rules/' + rule);","    })),","    configs: {","        recommended: recommended,","        canonical: _.defaultsDeep({","            settings: { lodash: { pragma: '_' } },","            rules: {","                'lodash/import-scope': [2, 'full']","            }","        }, recommended),","        v3: {","            settings: {","                lodash: {","                    version: 3,","                    pragma: '_'","                }","            },","            rules: {","                'lodash/callback-binding': 2,","                'lodash/chain-style': [2, 'as-needed'],","                'lodash/chaining': [2, 'always'],","                'lodash/collection-method-value': 2,","                'lodash/collection-return': 2,","                'lodash/consistent-compose': [2, \"flow\"],","                'lodash/import-scope': [2, 'full'],","                'lodash/identity-shorthand': [2, 'always'],","                'lodash/matches-prop-shorthand': [2, 'always'],","                'lodash/matches-shorthand': [2, 'always', 3],","                'lodash/no-commit': 2,","                'lodash/no-double-unwrap': 2,","                'lodash/no-extra-args': 2,","                'lodash/path-style': [2, 'string'],","","                'lodash/prefer-compact': 2,","                'lodash/prefer-constant': 2,","                'lodash/prefer-filter': [2, 3],","                'lodash/prefer-get': [2, 3],","                'lodash/prefer-includes': [2, { includeNative: true }],","                'lodash/prefer-lodash-chain': 2,","                'lodash/prefer-lodash-method': 2,","                'lodash/prefer-lodash-typecheck': 2,","                'lodash/prefer-map': 2,","                'lodash/prefer-matches': [2, 3],","                'lodash/prefer-noop': 2,","                'lodash/prefer-reject': [2, 3],","                'lodash/prefer-some': [2, { includeNative: true }],","                'lodash/prefer-startswith': 2,","                'lodash/prefer-thru': 2,","                'lodash/prefer-times': 2,","                'lodash/prefer-wrapper-method': 2,","                'lodash/preferred-alias': 2,","                'lodash/prop-shorthand': [2, 'always'],","                'lodash/unwrap': 2","            }","        }","    }","};"],"l":{"3":1,"4":1,"5":1,"6":1,"7":41,"9":1,"52":1,"54":41}},"/home/travis/build/npmtest/node-npmtest-eslint-plugin-lodash/node_modules/eslint-plugin-lodash/lib/rules/callback-binding.js":{"path":"/home/travis/build/npmtest/node-npmtest-eslint-plugin-lodash/node_modules/eslint-plugin-lodash/lib/rules/callback-binding.js","s":{"1":1,"2":0,"3":0,"4":0,"5":0,"6":0,"7":1,"8":0,"9":0,"10":0,"11":0,"12":0,"13":0,"14":0,"15":0,"16":0,"17":0},"b":{"1":[0,0,0,0],"2":[0,0],"3":[0,0],"4":[0,0,0,0,0]},"f":{"1":0,"2":0,"3":0,"4":0},"fnMap":{"1":{"name":"create","line":14,"loc":{"start":{"line":14,"column":12},"end":{"line":14,"column":37}}},"2":{"name":"isBound","line":27,"loc":{"start":{"line":27,"column":8},"end":{"line":27,"column":31}}},"3":{"name":"_","line":32,"loc":{"start":{"line":32,"column":15},"end":{"line":32,"column":42}}},"4":{"name":"_","line":37,"loc":{"start":{"line":37,"column":15},"end":{"line":37,"column":48}}}},"statementMap":{"1":{"start":{"line":13,"column":0},"end":{"line":50,"column":2}},"2":{"start":{"line":15,"column":8},"end":{"line":16,"column":71}},"3":{"start":{"line":18,"column":8},"end":{"line":19,"column":52}},"4":{"start":{"line":21,"column":8},"end":{"line":22,"column":51}},"5":{"start":{"line":24,"column":8},"end":{"line":24,"column":123}},"6":{"start":{"line":25,"column":8},"end":{"line":25,"column":50}},"7":{"start":{"line":27,"column":8},"end":{"line":29,"column":9}},"8":{"start":{"line":28,"column":12},"end":{"line":28,"column":123}},"9":{"start":{"line":31,"column":8},"end":{"line":46,"column":10}},"10":{"start":{"line":33,"column":16},"end":{"line":35,"column":17}},"11":{"start":{"line":34,"column":20},"end":{"line":34,"column":122}},"12":{"start":{"line":38,"column":16},"end":{"line":38,"column":41}},"13":{"start":{"line":40,"column":16},"end":{"line":40,"column":72}},"14":{"start":{"line":41,"column":16},"end":{"line":41,"column":69}},"15":{"start":{"line":42,"column":16},"end":{"line":44,"column":17}},"16":{"start":{"line":43,"column":20},"end":{"line":43,"column":97}},"17":{"start":{"line":48,"column":8},"end":{"line":48,"column":82}}},"branchMap":{"1":{"line":28,"type":"binary-expr","locations":[{"start":{"line":28,"column":19},"end":{"line":28,"column":23}},{"start":{"line":28,"column":27},"end":{"line":28,"column":57}},{"start":{"line":28,"column":61},"end":{"line":28,"column":91}},{"start":{"line":28,"column":95},"end":{"line":28,"column":122}}]},"2":{"line":33,"type":"if","locations":[{"start":{"line":33,"column":16},"end":{"line":33,"column":16}},{"start":{"line":33,"column":16},"end":{"line":33,"column":16}}]},"3":{"line":42,"type":"if","locations":[{"start":{"line":42,"column":16},"end":{"line":42,"column":16}},{"start":{"line":42,"column":16},"end":{"line":42,"column":16}}]},"4":{"line":42,"type":"binary-expr","locations":[{"start":{"line":42,"column":20},"end":{"line":42,"column":40}},{"start":{"line":42,"column":45},"end":{"line":42,"column":56}},{"start":{"line":42,"column":60},"end":{"line":42,"column":93}},{"start":{"line":42,"column":97},"end":{"line":42,"column":109}},{"start":{"line":42,"column":113},"end":{"line":42,"column":146}}]}},"code":["/**"," * @fileoverview Rule to disallow the use of a chain for a single method"," */","'use strict';","","/**"," * @fileoverview Rule to disallow the use of a chain for a single method"," */","// ------------------------------------------------------------------------------","// Rule Definition","// ------------------------------------------------------------------------------","","module.exports = {","    create: function create(context) {","        var _require = require('../util/lodashUtil'),","            getLodashMethodVisitors = _require.getLodashMethodVisitors;","","        var _require2 = require('../util/astUtil'),","            getMethodName = _require2.getMethodName;","","        var _require$getSettings = require('../util/settingsUtil').getSettings(context),","            version = _require$getSettings.version;","","        var methodsWithExtraArg = ['reduce', 'reduceRight', 'transform', 'find', 'findLast', 'findIndex', 'findLastIndex'];","        var includes = require('lodash/includes');","","        function isBound(node) {","            return node && node.type === 'CallExpression' && getMethodName(node) === 'bind' && node.arguments.length === 1;","        }","","        var callExpressionReporters = {","            3: function _(node, iteratee) {","                if (isBound(iteratee)) {","                    context.report(iteratee.callee.property, 'Unnecessary bind, pass `thisArg` to lodash method instead');","                }","            },","            4: function _(node, iteratee, _ref) {","                var method = _ref.method;","","                var hasExtraArg = includes(methodsWithExtraArg, method);","                var iterateeIndex = node.arguments.indexOf(iteratee);","                if (iterateeIndex !== -1 && (hasExtraArg && node.arguments[iterateeIndex + 2] || !hasExtraArg && node.arguments[iterateeIndex + 1])) {","                    context.report(iteratee, 'Do not use Lodash 3 thisArg, use binding instead');","                }","            }","        };","","        return getLodashMethodVisitors(context, callExpressionReporters[version]);","    }","};"],"l":{"13":1,"15":0,"18":0,"21":0,"24":0,"25":0,"27":1,"28":0,"31":0,"33":0,"34":0,"38":0,"40":0,"41":0,"42":0,"43":0,"48":0}},"/home/travis/build/npmtest/node-npmtest-eslint-plugin-lodash/node_modules/eslint-plugin-lodash/lib/rules/chain-style.js":{"path":"/home/travis/build/npmtest/node-npmtest-eslint-plugin-lodash/node_modules/eslint-plugin-lodash/lib/rules/chain-style.js","s":{"1":1,"2":0,"3":0,"4":0,"5":0,"6":0,"7":0,"8":0,"9":0,"10":0,"11":0,"12":0,"13":0,"14":0,"15":0,"16":0,"17":0,"18":0,"19":0,"20":0,"21":0,"22":0},"b":{"1":[0,0],"2":[0,0],"3":[0,0],"4":[0,0],"5":[0,0],"6":[0,0],"7":[0,0],"8":[0,0],"9":[0,0]},"f":{"1":0,"2":0,"3":0,"4":0},"fnMap":{"1":{"name":"create","line":20,"loc":{"start":{"line":20,"column":12},"end":{"line":20,"column":37}}},"2":{"name":"asNeeded","line":32,"loc":{"start":{"line":32,"column":25},"end":{"line":32,"column":49}}},"3":{"name":"implicit","line":47,"loc":{"start":{"line":47,"column":22},"end":{"line":47,"column":46}}},"4":{"name":"explicit","line":52,"loc":{"start":{"line":52,"column":22},"end":{"line":52,"column":46}}}},"statementMap":{"1":{"start":{"line":13,"column":0},"end":{"line":63,"column":2}},"2":{"start":{"line":21,"column":8},"end":{"line":24,"column":53}},"3":{"start":{"line":26,"column":8},"end":{"line":27,"column":50}},"4":{"start":{"line":29,"column":8},"end":{"line":29,"column":54}},"5":{"start":{"line":30,"column":8},"end":{"line":30,"column":44}},"6":{"start":{"line":31,"column":8},"end":{"line":57,"column":10}},"7":{"start":{"line":33,"column":16},"end":{"line":45,"column":17}},"8":{"start":{"line":34,"column":20},"end":{"line":34,"column":50}},"9":{"start":{"line":35,"column":20},"end":{"line":35,"column":39}},"10":{"start":{"line":36,"column":20},"end":{"line":41,"column":21}},"11":{"start":{"line":37,"column":24},"end":{"line":39,"column":25}},"12":{"start":{"line":38,"column":28},"end":{"line":38,"column":42}},"13":{"start":{"line":40,"column":24},"end":{"line":40,"column":50}},"14":{"start":{"line":42,"column":20},"end":{"line":44,"column":21}},"15":{"start":{"line":43,"column":24},"end":{"line":43,"column":78}},"16":{"start":{"line":48,"column":16},"end":{"line":50,"column":17}},"17":{"start":{"line":49,"column":20},"end":{"line":49,"column":73}},"18":{"start":{"line":53,"column":16},"end":{"line":55,"column":17}},"19":{"start":{"line":54,"column":20},"end":{"line":54,"column":73}},"20":{"start":{"line":59,"column":8},"end":{"line":59,"column":57}},"21":{"start":{"line":60,"column":8},"end":{"line":60,"column":92}},"22":{"start":{"line":61,"column":8},"end":{"line":61,"column":24}}},"branchMap":{"1":{"line":33,"type":"if","locations":[{"start":{"line":33,"column":16},"end":{"line":33,"column":16}},{"start":{"line":33,"column":16},"end":{"line":33,"column":16}}]},"2":{"line":36,"type":"binary-expr","locations":[{"start":{"line":36,"column":27},"end":{"line":36,"column":45}},{"start":{"line":36,"column":49},"end":{"line":36,"column":79}}]},"3":{"line":37,"type":"if","locations":[{"start":{"line":37,"column":24},"end":{"line":37,"column":24}},{"start":{"line":37,"column":24},"end":{"line":37,"column":24}}]},"4":{"line":37,"type":"binary-expr","locations":[{"start":{"line":37,"column":28},"end":{"line":37,"column":55}},{"start":{"line":37,"column":59},"end":{"line":37,"column":103}}]},"5":{"line":42,"type":"if","locations":[{"start":{"line":42,"column":20},"end":{"line":42,"column":20}},{"start":{"line":42,"column":20},"end":{"line":42,"column":20}}]},"6":{"line":42,"type":"binary-expr","locations":[{"start":{"line":42,"column":24},"end":{"line":42,"column":42}},{"start":{"line":42,"column":46},"end":{"line":42,"column":53}}]},"7":{"line":48,"type":"if","locations":[{"start":{"line":48,"column":16},"end":{"line":48,"column":16}},{"start":{"line":48,"column":16},"end":{"line":48,"column":16}}]},"8":{"line":53,"type":"if","locations":[{"start":{"line":53,"column":16},"end":{"line":53,"column":16}},{"start":{"line":53,"column":16},"end":{"line":53,"column":16}}]},"9":{"line":60,"type":"binary-expr","locations":[{"start":{"line":60,"column":57},"end":{"line":60,"column":75}},{"start":{"line":60,"column":79},"end":{"line":60,"column":90}}]}},"code":["/**"," * @fileoverview Rule to enforce a specific chain style"," */","'use strict';","","/**"," * @fileoverview Rule to enforce a specific chain style"," */","//------------------------------------------------------------------------------","// Rule Definition","//------------------------------------------------------------------------------","","module.exports = {","    meta: {","        schema: [{","            enum: ['as-needed', 'implicit', 'explicit']","        }]","    },","","    create: function create(context) {","        var _require = require('../util/lodashUtil'),","            getLodashContext = _require.getLodashContext,","            isChainable = _require.isChainable,","            isChainBreaker = _require.isChainBreaker;","","        var _require2 = require('../util/astUtil'),","            isMethodCall = _require2.isMethodCall;","","        var lodashContext = getLodashContext(context);","        var version = lodashContext.version;","        var callExpressionVisitors = {","            'as-needed': function asNeeded(node) {","                if (lodashContext.isExplicitChainStart(node)) {","                    var curr = node.parent.parent;","                    var needed = false;","                    while (isMethodCall(curr) && !isChainBreaker(curr, version)) {","                        if (!isChainable(curr, version) && !isChainBreaker(curr.parent.parent, version)) {","                            needed = true;","                        }","                        curr = curr.parent.parent;","                    }","                    if (isMethodCall(curr) && !needed) {","                        context.report(node, 'Unnecessary explicit chaining');","                    }","                }","            },","            implicit: function implicit(node) {","                if (lodashContext.isExplicitChainStart(node)) {","                    context.report(node, 'Do not use explicit chaining');","                }","            },","            explicit: function explicit(node) {","                if (lodashContext.isImplicitChainStart(node)) {","                    context.report(node, 'Do not use implicit chaining');","                }","            }","        };","","        var visitors = lodashContext.getImportVisitors();","        visitors.CallExpression = callExpressionVisitors[context.options[0] || 'as-needed'];","        return visitors;","    }","};"],"l":{"13":1,"21":0,"26":0,"29":0,"30":0,"31":0,"33":0,"34":0,"35":0,"36":0,"37":0,"38":0,"40":0,"42":0,"43":0,"48":0,"49":0,"53":0,"54":0,"59":0,"60":0,"61":0}},"/home/travis/build/npmtest/node-npmtest-eslint-plugin-lodash/node_modules/eslint-plugin-lodash/lib/rules/chaining.js":{"path":"/home/travis/build/npmtest/node-npmtest-eslint-plugin-lodash/node_modules/eslint-plugin-lodash/lib/rules/chaining.js","s":{"1":1,"2":0,"3":0,"4":0,"5":0,"6":0,"7":0,"8":0,"9":0,"10":0,"11":1,"12":0,"13":1,"14":0,"15":0,"16":0,"17":0,"18":0,"19":0,"20":0,"21":0,"22":0,"23":0,"24":0,"25":0,"26":0,"27":0,"28":0,"29":0},"b":{"1":[0,0],"2":[0,0],"3":[0,0],"4":[0,0],"5":[0,0],"6":[0,0],"7":[0,0],"8":[0,0],"9":[0,0,0],"10":[0,0]},"f":{"1":0,"2":0,"3":0,"4":0,"5":0},"fnMap":{"1":{"name":"create","line":23,"loc":{"start":{"line":23,"column":12},"end":{"line":23,"column":37}}},"2":{"name":"isBeforeChainBreaker","line":43,"loc":{"start":{"line":43,"column":8},"end":{"line":43,"column":44}}},"3":{"name":"isNestedNLevels","line":47,"loc":{"start":{"line":47,"column":8},"end":{"line":47,"column":42}}},"4":{"name":"always","line":56,"loc":{"start":{"line":56,"column":20},"end":{"line":56,"column":42}}},"5":{"name":"never","line":66,"loc":{"start":{"line":66,"column":19},"end":{"line":66,"column":40}}}},"statementMap":{"1":{"start":{"line":13,"column":0},"end":{"line":77,"column":2}},"2":{"start":{"line":24,"column":8},"end":{"line":26,"column":53}},"3":{"start":{"line":28,"column":8},"end":{"line":31,"column":66}},"4":{"start":{"line":33,"column":8},"end":{"line":33,"column":31}},"5":{"start":{"line":34,"column":8},"end":{"line":34,"column":54}},"6":{"start":{"line":35,"column":8},"end":{"line":35,"column":44}},"7":{"start":{"line":36,"column":8},"end":{"line":36,"column":46}},"8":{"start":{"line":38,"column":8},"end":{"line":38,"column":49}},"9":{"start":{"line":39,"column":8},"end":{"line":39,"column":75}},"10":{"start":{"line":41,"column":8},"end":{"line":41,"column":56}},"11":{"start":{"line":43,"column":8},"end":{"line":45,"column":9}},"12":{"start":{"line":44,"column":12},"end":{"line":44,"column":63}},"13":{"start":{"line":47,"column":8},"end":{"line":53,"column":9}},"14":{"start":{"line":48,"column":12},"end":{"line":52,"column":13}},"15":{"start":{"line":49,"column":16},"end":{"line":49,"column":28}},"16":{"start":{"line":50,"column":19},"end":{"line":52,"column":13}},"17":{"start":{"line":51,"column":16},"end":{"line":51,"column":65}},"18":{"start":{"line":55,"column":8},"end":{"line":71,"column":10}},"19":{"start":{"line":57,"column":16},"end":{"line":64,"column":17}},"20":{"start":{"line":58,"column":20},"end":{"line":58,"column":75}},"21":{"start":{"line":59,"column":23},"end":{"line":64,"column":17}},"22":{"start":{"line":60,"column":20},"end":{"line":60,"column":55}},"23":{"start":{"line":61,"column":20},"end":{"line":63,"column":21}},"24":{"start":{"line":62,"column":24},"end":{"line":62,"column":95}},"25":{"start":{"line":67,"column":16},"end":{"line":69,"column":17}},"26":{"start":{"line":68,"column":20},"end":{"line":68,"column":82}},"27":{"start":{"line":73,"column":8},"end":{"line":73,"column":57}},"28":{"start":{"line":74,"column":8},"end":{"line":74,"column":63}},"29":{"start":{"line":75,"column":8},"end":{"line":75,"column":24}}},"branchMap":{"1":{"line":38,"type":"binary-expr","locations":[{"start":{"line":38,"column":19},"end":{"line":38,"column":37}},{"start":{"line":38,"column":41},"end":{"line":38,"column":48}}]},"2":{"line":39,"type":"binary-expr","locations":[{"start":{"line":39,"column":24},"end":{"line":39,"column":56}},{"start":{"line":39,"column":60},"end":{"line":39,"column":74}}]},"3":{"line":48,"type":"if","locations":[{"start":{"line":48,"column":12},"end":{"line":48,"column":12}},{"start":{"line":48,"column":12},"end":{"line":48,"column":12}}]},"4":{"line":50,"type":"if","locations":[{"start":{"line":50,"column":19},"end":{"line":50,"column":19}},{"start":{"line":50,"column":19},"end":{"line":50,"column":19}}]},"5":{"line":50,"type":"binary-expr","locations":[{"start":{"line":50,"column":23},"end":{"line":50,"column":55}},{"start":{"line":50,"column":59},"end":{"line":50,"column":102}}]},"6":{"line":57,"type":"if","locations":[{"start":{"line":57,"column":16},"end":{"line":57,"column":16}},{"start":{"line":57,"column":16},"end":{"line":57,"column":16}}]},"7":{"line":59,"type":"if","locations":[{"start":{"line":59,"column":23},"end":{"line":59,"column":23}},{"start":{"line":59,"column":23},"end":{"line":59,"column":23}}]},"8":{"line":61,"type":"if","locations":[{"start":{"line":61,"column":20},"end":{"line":61,"column":20}},{"start":{"line":61,"column":20},"end":{"line":61,"column":20}}]},"9":{"line":61,"type":"binary-expr","locations":[{"start":{"line":61,"column":24},"end":{"line":61,"column":47}},{"start":{"line":61,"column":52},"end":{"line":61,"column":75}},{"start":{"line":61,"column":79},"end":{"line":61,"column":110}}]},"10":{"line":67,"type":"if","locations":[{"start":{"line":67,"column":16},"end":{"line":67,"column":16}},{"start":{"line":67,"column":16},"end":{"line":67,"column":16}}]}},"code":["/**"," * @fileoverview Rule to check if the expression could be better expressed as a chain"," */","'use strict';","","/**"," * @fileoverview Rule to check if the expression could be better expressed as a chain"," */","//------------------------------------------------------------------------------","// Rule Definition","//------------------------------------------------------------------------------","","module.exports = {","    meta: {","        schema: [{","            enum: ['always', 'never']","        }, {","            type: 'integer',","            minimum: 2","        }]","    },","","    create: function create(context) {","        var _require = require('../util/lodashUtil'),","            getLodashContext = _require.getLodashContext,","            isChainBreaker = _require.isChainBreaker;","","        var _require2 = require('../util/astUtil'),","            getCaller = _require2.getCaller,","            isMethodCall = _require2.isMethodCall,","            isObjectOfMethodCall = _require2.isObjectOfMethodCall;","","        var DEFAULT_LENGTH = 3;","        var lodashContext = getLodashContext(context);","        var version = lodashContext.version;","        var negate = require('lodash/negate');","","        var mode = context.options[0] || 'never';","        var ruleDepth = parseInt(context.options[1], 10) || DEFAULT_LENGTH;","","        var isEndOfChain = negate(isObjectOfMethodCall);","","        function isBeforeChainBreaker(node) {","            return isChainBreaker(node.parent.parent, version);","        }","","        function isNestedNLevels(node, n) {","            if (n === 0) {","                return true;","            } else if (lodashContext.isLodashCall(node) || lodashContext.getImportedLodashMethod(node)) {","                return isNestedNLevels(node.arguments[0], n - 1);","            }","        }","","        var callExpressionVisitors = {","            always: function always(node) {","                if (isNestedNLevels(node, ruleDepth)) {","                    context.report(node, 'Prefer chaining to composition');","                } else if (lodashContext.isLodashChainStart(node)) {","                    var firstCall = node.parent.parent;","                    if (isMethodCall(firstCall) && (isEndOfChain(firstCall) || isBeforeChainBreaker(firstCall))) {","                        context.report(firstCall, 'Do not use chain syntax for single method');","                    }","                }","            },","            never: function never(node) {","                if (lodashContext.isLodashChainStart(node)) {","                    context.report(node, 'Prefer composition to Lodash chaining');","                }","            }","        };","","        var visitors = lodashContext.getImportVisitors();","        visitors.CallExpression = callExpressionVisitors[mode];","        return visitors;","    }","};"],"l":{"13":1,"24":0,"28":0,"33":0,"34":0,"35":0,"36":0,"38":0,"39":0,"41":0,"43":1,"44":0,"47":1,"48":0,"49":0,"50":0,"51":0,"55":0,"57":0,"58":0,"59":0,"60":0,"61":0,"62":0,"67":0,"68":0,"73":0,"74":0,"75":0}},"/home/travis/build/npmtest/node-npmtest-eslint-plugin-lodash/node_modules/eslint-plugin-lodash/lib/rules/collection-method-value.js":{"path":"/home/travis/build/npmtest/node-npmtest-eslint-plugin-lodash/node_modules/eslint-plugin-lodash/lib/rules/collection-method-value.js","s":{"1":1,"2":0,"3":0,"4":0,"5":0,"6":1,"7":0,"8":0,"9":1,"10":0,"11":1,"12":0,"13":1,"14":0,"15":0,"16":0,"17":0,"18":0,"19":0,"20":0},"b":{"1":[0,0],"2":[0,0],"3":[0,0],"4":[0,0],"5":[0,0],"6":[0,0],"7":[0,0],"8":[0,0,0]},"f":{"1":0,"2":0,"3":0,"4":0,"5":0,"6":0},"fnMap":{"1":{"name":"create","line":14,"loc":{"start":{"line":14,"column":12},"end":{"line":14,"column":37}}},"2":{"name":"parentUsesValue","line":30,"loc":{"start":{"line":30,"column":8},"end":{"line":30,"column":58}}},"3":{"name":"isPureLodashCollectionMethod","line":35,"loc":{"start":{"line":35,"column":8},"end":{"line":35,"column":63}}},"4":{"name":"isSideEffectIterationMethod","line":39,"loc":{"start":{"line":39,"column":8},"end":{"line":39,"column":62}}},"5":{"name":"isParentCommit","line":43,"loc":{"start":{"line":43,"column":8},"end":{"line":43,"column":57}}},"6":{"name":"(anonymous_6)","line":47,"loc":{"start":{"line":47,"column":48},"end":{"line":47,"column":80}}}},"statementMap":{"1":{"start":{"line":13,"column":0},"end":{"line":59,"column":2}},"2":{"start":{"line":15,"column":8},"end":{"line":18,"column":53}},"3":{"start":{"line":20,"column":8},"end":{"line":21,"column":52}},"4":{"start":{"line":23,"column":8},"end":{"line":26,"column":84}},"5":{"start":{"line":28,"column":8},"end":{"line":28,"column":50}},"6":{"start":{"line":30,"column":8},"end":{"line":33,"column":9}},"7":{"start":{"line":31,"column":12},"end":{"line":31,"column":109}},"8":{"start":{"line":32,"column":12},"end":{"line":32,"column":108}},"9":{"start":{"line":35,"column":8},"end":{"line":37,"column":9}},"10":{"start":{"line":36,"column":12},"end":{"line":36,"column":102}},"11":{"start":{"line":39,"column":8},"end":{"line":41,"column":9}},"12":{"start":{"line":40,"column":12},"end":{"line":40,"column":76}},"13":{"start":{"line":43,"column":8},"end":{"line":45,"column":9}},"14":{"start":{"line":44,"column":12},"end":{"line":44,"column":99}},"15":{"start":{"line":47,"column":8},"end":{"line":57,"column":11}},"16":{"start":{"line":48,"column":12},"end":{"line":50,"column":41}},"17":{"start":{"line":52,"column":12},"end":{"line":56,"column":13}},"18":{"start":{"line":53,"column":16},"end":{"line":53,"column":76}},"19":{"start":{"line":54,"column":19},"end":{"line":56,"column":13}},"20":{"start":{"line":55,"column":16},"end":{"line":55,"column":96}}},"branchMap":{"1":{"line":31,"type":"binary-expr","locations":[{"start":{"line":31,"column":39},"end":{"line":31,"column":61}},{"start":{"line":31,"column":65},"end":{"line":31,"column":108}}]},"2":{"line":32,"type":"cond-expr","locations":[{"start":{"line":32,"column":43},"end":{"line":32,"column":61}},{"start":{"line":32,"column":64},"end":{"line":32,"column":68}}]},"3":{"line":36,"type":"binary-expr","locations":[{"start":{"line":36,"column":19},"end":{"line":36,"column":54}},{"start":{"line":36,"column":58},"end":{"line":36,"column":101}}]},"4":{"line":44,"type":"binary-expr","locations":[{"start":{"line":44,"column":19},"end":{"line":44,"column":41}},{"start":{"line":44,"column":45},"end":{"line":44,"column":98}}]},"5":{"line":52,"type":"if","locations":[{"start":{"line":52,"column":12},"end":{"line":52,"column":12}},{"start":{"line":52,"column":12},"end":{"line":52,"column":12}}]},"6":{"line":52,"type":"binary-expr","locations":[{"start":{"line":52,"column":16},"end":{"line":52,"column":61}},{"start":{"line":52,"column":65},"end":{"line":52,"column":106}}]},"7":{"line":54,"type":"if","locations":[{"start":{"line":54,"column":19},"end":{"line":54,"column":19}},{"start":{"line":54,"column":19},"end":{"line":54,"column":19}}]},"8":{"line":54,"type":"binary-expr","locations":[{"start":{"line":54,"column":23},"end":{"line":54,"column":67}},{"start":{"line":54,"column":71},"end":{"line":54,"column":111}},{"start":{"line":54,"column":115},"end":{"line":54,"column":155}}]}},"code":["/**"," * @fileoverview Rule to enf
[...]
and: false,","        chainable: true,","        iteratee: false,","        args: 3","    },","    setWith: {","        aliases: [],","        wrapper: false,","        shorthand: false,","        chainable: true,","        iteratee: false,","        args: 4","    },","    shift: {","        aliases: [],","        wrapper: true,","        shorthand: false,","        chainable: false,","        iteratee: false","    },","    shuffle: {","        aliases: [],","        wrapper: false,","        shorthand: false,","        chainable: true,","        iteratee: false,","        args: 1","    },","    size: {","        aliases: [],","        wrapper: false,","        shorthand: false,","        chainable: false,","        iteratee: false,","        args: 1","    },","    slice: {","        aliases: [],","        wrapper: false,","        shorthand: false,","        chainable: true,","        iteratee: false,","        args: 3","    },","    snakeCase: {","        aliases: [],","        wrapper: false,","        shorthand: false,","        chainable: false,","        iteratee: false,","        args: 1","    },","    some: {","        aliases: [],","        wrapper: false,","        shorthand: true,","        chainable: false,","        iteratee: true,","        args: 2","    },","    sort: {","        aliases: [],","        wrapper: true,","        shorthand: false,","        chainable: true,","        iteratee: false","    },","    sortBy: {","        aliases: [],","        wrapper: false,","        shorthand: false,","        chainable: true,","        iteratee: false","    },","    sortedIndex: {","        aliases: [],","        wrapper: false,","        shorthand: false,","        chainable: false,","        iteratee: false,","        iterateeIndex: 2,","        args: 2","    },","    sortedIndexBy: {","        aliases: [],","        wrapper: false,","        shorthand: true,","        chainable: false,","        iteratee: false,","        iterateeIndex: 2,","        args: 3","    },","    sortedIndexOf: {","        aliases: [],","        wrapper: false,","        shorthand: false,","        chainable: false,","        iteratee: false,","        args: 2","    },","    sortedLastIndex: {","        aliases: [],","        wrapper: false,","        shorthand: false,","        chainable: false,","        iteratee: false,","        iterateeIndex: 2,","        args: 2","    },","    sortedLastIndexBy: {","        aliases: [],","        wrapper: false,","        shorthand: true,","        chainable: false,","        iteratee: false,","        iterateeIndex: 2,","        args: 3","    },","    sortedLastIndexOf: {","        aliases: [],","        wrapper: false,","        shorthand: false,","        chainable: false,","        iteratee: false,","        args: 2","    },","    sortedUniq: {","        aliases: [],","        wrapper: false,","        shorthand: false,","        chainable: true,","        iteratee: false,","        args: 1","    },","    sortedUniqBy: {","        aliases: [],","        wrapper: false,","        shorthand: true,","        chainable: true,","        iteratee: true,","        args: 2","    },","    splice: {","        aliases: [],","        wrapper: true,","        shorthand: false,","        chainable: true,","        iteratee: false","    },","    split: {","        aliases: [],","        wrapper: true,","        shorthand: false,","        chainable: false,","        iteratee: false,","        args: 3","    },","    spread: {","        aliases: [],","        wrapper: false,","        shorthand: false,","        chainable: true,","        iteratee: false,","        args: 2","    },","    startCase: {","        aliases: [],","        wrapper: false,","        shorthand: false,","        chainable: false,","        iteratee: false,","        args: 1","    },","    startsWith: {","        aliases: [],","        wrapper: false,","        shorthand: false,","        chainable: false,","        iteratee: false,","        args: 3","    },","    stubArray: {","        aliases: [],","        wrapper: false,","        shorthand: false,","        chainable: false,","        iteratee: false,","        args: 0","    },","    stubFalse: {","        aliases: [],","        wrapper: false,","        shorthand: false,","        chainable: false,","        iteratee: false,","        args: 0","    },","    stubObject: {","        aliases: [],","        wrapper: false,","        shorthand: false,","        chainable: false,","        iteratee: false,","        args: 0","    },","    stubString: {","        aliases: [],","        wrapper: false,","        shorthand: false,","        chainable: false,","        iteratee: false,","        args: 0","    },","    stubTrue: {","        aliases: [],","        wrapper: false,","        shorthand: false,","        chainable: false,","        iteratee: false,","        args: 0","    },","    subtract: {","        aliases: [],","        wrapper: false,","        shorthand: false,","        chainable: false,","        iteratee: false,","        args: 2","    },","    sum: {","        aliases: [],","        wrapper: false,","        shorthand: false,","        chainable: false,","        iteratee: false,","        args: 1","    },","    sumBy: {","        aliases: [],","        wrapper: false,","        shorthand: true,","        chainable: false,","        iteratee: true,","        args: 2","    },","    tail: {","        aliases: [],","        wrapper: false,","        shorthand: false,","        chainable: true,","        iteratee: false,","        args: 1","    },","    take: {","        aliases: [],","        wrapper: false,","        shorthand: false,","        chainable: true,","        iteratee: false,","        args: 2","    },","    takeRight: {","        aliases: [],","        wrapper: false,","        shorthand: false,","        chainable: true,","        iteratee: false,","        args: 2","    },","    takeRightWhile: {","        aliases: [],","        wrapper: false,","        shorthand: true,","        chainable: true,","        iteratee: true,","        args: 2","    },","    takeWhile: {","        aliases: [],","        wrapper: false,","        shorthand: true,","        chainable: true,","        iteratee: true,","        args: 2","    },","    tap: {","        aliases: [],","        wrapper: false,","        shorthand: false,","        chainable: true,","        iteratee: true,","        args: 2","    },","    template: {","        aliases: [],","        wrapper: false,","        shorthand: false,","        chainable: false,","        iteratee: false,","        args: 2","    },","    throttle: {","        aliases: [],","        wrapper: false,","        shorthand: false,","        chainable: true,","        iteratee: false,","        args: 3","    },","    thru: {","        aliases: [],","        wrapper: false,","        shorthand: false,","        chainable: true,","        iteratee: true,","        args: 2","    },","    times: {","        aliases: [],","        wrapper: false,","        shorthand: false,","        chainable: false,","        iteratee: true,","        args: 2","    },","    toArray: {","        aliases: [],","        wrapper: false,","        shorthand: false,","        chainable: true,","        iteratee: false,","        args: 1","    },","    toFinite: {","        aliases: [],","        wrapper: false,","        shorthand: false,","        chainable: false,","        iteratee: false,","        args: 1","    },","    toInteger: {","        aliases: [],","        wrapper: false,","        shorthand: false,","        chainable: false,","        iteratee: false,","        args: 1","    },","    toLength: {","        aliases: [],","        wrapper: false,","        shorthand: false,","        chainable: false,","        iteratee: false,","        args: 1","    },","    toLower: {","        aliases: [],","        wrapper: false,","        shorthand: false,","        chainable: false,","        iteratee: false,","        args: 1","    },","    toNumber: {","        aliases: [],","        wrapper: false,","        shorthand: false,","        chainable: false,","        iteratee: false,","        args: 1","    },","    toPairs: {","        aliases: ['entries'],","        wrapper: false,","        shorthand: false,","        chainable: true,","        iteratee: false,","        args: 1","    },","    toPairsIn: {","        aliases: ['entriesIn'],","        wrapper: false,","        shorthand: false,","        chainable: true,","        iteratee: false,","        args: 1","    },","    toPath: {","        aliases: [],","        wrapper: false,","        shorthand: false,","        chainable: true,","        iteratee: false,","        args: 1","    },","    toPlainObject: {","        aliases: [],","        wrapper: false,","        shorthand: false,","        chainable: true,","        iteratee: false,","        args: 1","    },","    toSafeInteger: {","        aliases: [],","        wrapper: false,","        shorthand: false,","        chainable: false,","        iteratee: false,","        args: 1","    },","    toString: {","        aliases: [],","        wrapper: false,","        shorthand: false,","        chainable: false,","        iteratee: false,","        args: 1","    },","    toUpper: {","        aliases: [],","        wrapper: false,","        shorthand: false,","        chainable: false,","        iteratee: false,","        args: 1","    },","    transform: {","        aliases: [],","        wrapper: false,","        shorthand: false,","        chainable: true,","        iteratee: true,","        args: 3","    },","    trim: {","        aliases: [],","        wrapper: false,","        shorthand: false,","        chainable: false,","        iteratee: false,","        args: 2","    },","    trimEnd: {","        aliases: [],","        wrapper: false,","        shorthand: false,","        chainable: false,","        iteratee: false,","        args: 2","    },","    trimStart: {","        aliases: [],","        wrapper: false,","        shorthand: false,","        chainable: false,","        iteratee: false,","        args: 2","    },","    truncate: {","        aliases: [],","        wrapper: false,","        shorthand: false,","        chainable: false,","        iteratee: false,","        args: 3","    },","    unary: {","        aliases: [],","        wrapper: false,","        shorthand: false,","        chainable: true,","        iteratee: false,","        args: 1","    },","    unescape: {","        aliases: [],","        wrapper: false,","        shorthand: false,","        chainable: false,","        iteratee: false,","        args: 1","    },","    union: {","        aliases: [],","        wrapper: false,","        shorthand: false,","        chainable: true,","        iteratee: false","    },","    unionBy: {","        aliases: [],","        wrapper: false,","        shorthand: true,","        chainable: true,","        iteratee: false","    },","    unionWith: {","        aliases: [],","        wrapper: false,","        shorthand: false,","        chainable: true,","        iteratee: false","    },","    uniq: {","        aliases: [],","        wrapper: false,","        shorthand: false,","        chainable: true,","        iteratee: false,","        args: 1","    },","    uniqBy: {","        aliases: [],","        wrapper: false,","        shorthand: true,","        chainable: true,","        iteratee: true,","        args: 2","    },","    uniqWith: {","        aliases: [],","        wrapper: false,","        shorthand: false,","        chainable: true,","        iteratee: false,","        args: 2","    },","    uniqueId: {","        aliases: [],","        wrapper: false,","        shorthand: false,","        chainable: false,","        iteratee: false,","        args: 1","    },","    unset: {","        aliases: [],","        wrapper: false,","        shorthand: false,","        chainable: true,","        iteratee: false,","        args: 2","    },","    unshift: {","        aliases: [],","        wrapper: true,","        shorthand: false,","        chainable: true,","        iteratee: false","    },","    unzip: {","        aliases: [],","        wrapper: false,","        shorthand: false,","        chainable: true,","        iteratee: false,","        args: 1","    },","    unzipWith: {","        aliases: [],","        wrapper: false,","        shorthand: false,","        chainable: true,","        iteratee: true,","        args: 2","    },","    update: {","        aliases: [],","        wrapper: false,","        shorthand: false,","        chainable: true,","        iteratee: false,","        args: 3","    },","    updateWith: {","        aliases: [],","        wrapper: false,","        shorthand: false,","        chainable: true,","        iteratee: false,","        args: 4","    },","    upperCase: {","        aliases: [],","        wrapper: false,","        shorthand: false,","        chainable: false,","        iteratee: false,","        args: 1","    },","    upperFirst: {","        aliases: [],","        wrapper: false,","        shorthand: false,","        chainable: false,","        iteratee: false,","        args: 1","    },","    value: {","        aliases: ['toJSON', 'valueOf'],","        wrapper: true,","        shorthand: false,","        chainable: false,","        iteratee: false,","        args: 0","    },","    values: {","        aliases: [],","        wrapper: false,","        shorthand: false,","        chainable: true,","        iteratee: false,","        args: 1","    },","    valuesIn: {","        aliases: [],","        wrapper: false,","        shorthand: false,","        chainable: true,","        iteratee: false,","        args: 1","    },","    without: {","        aliases: [],","        wrapper: false,","        shorthand: false,","        chainable: true,","        iteratee: false","    },","    words: {","        aliases: [],","        wrapper: false,","        shorthand: false,","        chainable: false,","        iteratee: false,","        args: 2","    },","    wrap: {","        aliases: [],","        wrapper: false,","        shorthand: false,","        chainable: true,","        iteratee: false,","        args: 2","    },","    xor: {","        aliases: [],","        wrapper: false,","        shorthand: false,","        chainable: true,","        iteratee: false","    },","    xorBy: {","        aliases: [],","        wrapper: false,","        shorthand: true,","        chainable: true,","        iteratee: true","    },","    xorWith: {","        aliases: [],","        wrapper: false,","        shorthand: false,","        chainable: true,","        iteratee: false","    },","    zip: {","        aliases: [],","        wrapper: false,","        shorthand: false,","        chainable: true,","        iteratee: false","    },","    zipObject: {","        aliases: [],","        wrapper: false,","        shorthand: false,","        chainable: true,","        iteratee: false,","        args: 2","    },","    zipObjectDeep: {","        aliases: [],","        wrapper: false,","        shorthand: false,","        chainable: true,","        iteratee: false,","        args: 2","    },","    zipWith: {","        aliases: [],","        wrapper: false,","        shorthand: false,","        chainable: true,","        iteratee: false","    }","};"],"l":{"3":1}},"/home/travis/build/npmtest/node-npmtest-eslint-plugin-lodash/node_modules/eslint-plugin-lodash/lib/util/methodDataByVersion/convert.js":{"path":"/home/travis/build/npmtest/node-npmtest-eslint-plugin-lodash/node_modules/eslint-plugin-lodash/lib/util/methodDataByVersion/convert.js","s":{"1":1,"2":4,"3":2,"4":0,"5":2,"6":2,"7":2,"8":2,"9":2,"10":2,"11":2,"12":0,"13":0,"14":0,"15":0,"16":0,"17":0,"18":0,"19":0,"20":0,"21":0},"b":{"1":[2,2],"2":[0,0],"3":[0,0]},"f":{"1":4,"2":0,"3":0},"fnMap":{"1":{"name":"_toConsumableArray","line":4,"loc":{"start":{"line":4,"column":0},"end":{"line":4,"column":33}}},"2":{"name":"(anonymous_2)","line":11,"loc":{"start":{"line":11,"column":39},"end":{"line":11,"column":57}}},"3":{"name":"(anonymous_3)","line":13,"loc":{"start":{"line":13,"column":40},"end":{"line":13,"column":55}}}},"statementMap":{"1":{"start":{"line":4,"column":0},"end":{"line":4,"column":195}},"2":{"start":{"line":4,"column":35},"end":{"line":4,"column":193}},"3":{"start":{"line":4,"column":61},"end":{"line":4,"column":145}},"4":{"start":{"line":4,"column":126},"end":{"line":4,"column":143}},"5":{"start":{"line":4,"column":146},"end":{"line":4,"column":158}},"6":{"start":{"line":4,"column":168},"end":{"line":4,"column":191}},"7":{"start":{"line":6,"column":0},"end":{"line":6,"column":26}},"8":{"start":{"line":7,"column":0},"end":{"line":7,"column":26}},"9":{"start":{"line":8,"column":0},"end":{"line":8,"column":23}},"10":{"start":{"line":9,"column":0},"end":{"line":9,"column":27}},"11":{"start":{"line":10,"column":0},"end":{"line":10,"column":341}},"12":{"start":{"line":11,"column":0},"end":{"line":28,"column":3}},"13":{"start":{"line":12,"column":4},"end":{"line":20,"column":6}},"14":{"start":{"line":14,"column":12},"end":{"line":14,"column":34}},"15":{"start":{"line":21,"column":4},"end":{"line":23,"column":5}},"16":{"start":{"line":22,"column":8},"end":{"line":22,"column":74}},"17":{"start":{"line":24,"column":4},"end":{"line":26,"column":5}},"18":{"start":{"line":25,"column":8},"end":{"line":25,"column":46}},"19":{"start":{"line":27,"column":4},"end":{"line":27,"column":15}},"20":{"start":{"line":29,"column":0},"end":{"line":29,"column":53}},"21":{"start":{"line":30,"column":0},"end":{"line":30,"column":121}}},"branchMap":{"1":{"line":4,"type":"if","locations":[{"start":{"line":4,"column":35},"end":{"line":4,"column":35}},{"start":{"line":4,"column":35},"end":{"line":4,"column":35}}]},"2":{"line":21,"type":"if","locations":[{"start":{"line":21,"column":4},"end":{"line":21,"column":4}},{"start":{"line":21,"column":4},"end":{"line":21,"column":4}}]},"3":{"line":24,"type":"if","locations":[{"start":{"line":24,"column":4},"end":{"line":24,"column":4}},{"start":{"line":24,"column":4},"end":{"line":24,"column":4}}]}},"code":["'use strict';","// aliases wrapper wrapperAliases shorthand chainable iteratee iterateeIndex args","","function _toConsumableArray(arr) { if (Array.isArray(arr)) { for (var i = 0, arr2 = Array(arr.length); i < arr.length; i++) { arr2[i] = arr[i]; } return arr2; } else { return Array.from(arr); } }","","var _ = require('lodash');","var data = require('./4');","var fs = require('fs');","var path = require('path');","var methodNames = _([].concat(_toConsumableArray(_.values(data.aliases)), _toConsumableArray(data.wrapper), _toConsumableArray(data.shorthand), _toConsumableArray(data.chainable), _toConsumableArray(data.iteratee.any), _toConsumableArray(_.keys(data.iteratee.differentIndex)), _toConsumableArray(_.keys(data.args)))).uniq().sortBy().value();","var methodRecords = _.map(methodNames, function (method) {","    var res = {","        aliases: _(data.aliases).pickBy(function (val) {","            return val === method;","        }).keys().value(),","        wrapper: _.includes(data.wrapper, method),","        shorthand: _.includes(data.shorthand, method),","        chainable: _.includes(data.chainable, method),","        iteratee: _.includes(data.iteratee.any, method)","    };","    if (_.has(data.iteratee.differentIndex, method)) {","        _.set(res, 'iterateeIndex', data.iteratee.differentIndex[method]);","    }","    if (_.has(data.args, method)) {","        _.set(res, 'args', data.args[method]);","    }","    return res;","});","var result = _.zipObject(methodNames, methodRecords);","fs.writeFileSync(path.resolve(__dirname, '4.js'), '\\'use strict\\'\\nmodule.exports = ' + JSON.stringify(result, null, 2));"],"l":{"4":4,"6":2,"7":2,"8":2,"9":2,"10":2,"11":0,"12":0,"14":0,"21":0,"22":0,"24":0,"25":0,"27":0,"29":0,"30":0}}}